id	myErr	umfErr	ratio	myElaps	umfElaps	ratio	mynnz	umfnnz	ratio	myflop	umfflop	ratio
449	1.38778e-17	2.77556e-17	0.5	0.085045	0.000551	154.347	22	19	1.15789	22	18	1.22222	Pass
185	7.77156e-16	0	Inf	0.056087	0.000412	136.133	36	27	1.33333	100	51	1.96078	Pass
186	1.05471e-15	2.77556e-17	38	0.050512	0.000483	104.58	52	39	1.33333	152	150	1.01333	Pass
1199	5.85781e-14	3.03577e-17	1929.6	0.045678	0.000485	94.1814	144	130	1.10769	284	186	1.52688	Pass
13	9.99201e-16	2.77556e-17	36	0.039888	0.00119	33.5193	168	149	1.12752	299	221	1.35294	Pass
464	9.79522e-16	1.83187e-15	0.534712	0.048679	0.000376	129.465	235	206	1.14078	402	319	1.26019	Pass
97	2.498e-16	8.32667e-17	3	0.044689	0.000373	119.81	132	102	1.29412	301	157	1.9172	Pass
14	2.44249e-15	8.32667e-17	29.3333	0.052753	0.000528	99.911	250	183	1.36612	478	225	2.12444	Pass
1177	3.33067e-16	8.32667e-17	4	0.042029	0.000299	140.565	123	102	1.20588	228	234	0.974359	Pass
232	8.40055e-09	4.85723e-16	1.7295e+07	0.040804	0.000348	117.253	318	282	1.12766	1537	1263	1.21694	Pass
103	1.77636e-15	4.996e-16	3.55556	0.044966	0.000544	82.6581	321	261	1.22989	687	457	1.50328	Pass
133	4.16334e-17	3.46945e-18	12	0.045724	0.000533	85.7861	277	216	1.28241	294	157	1.87261	Pass
462	1.90284e-17	6.66134e-16	0.0285655	0.051895	0.000702	73.9245	396	325	1.21846	814	503	1.61829	Pass
129	1.55431e-15	2.08167e-17	74.6667	0.044476	0.000648	68.6358	368	315	1.16825	1029	709	1.45134	Pass
274	0	0	NaN	0.042557	0.000688	61.8561	280	205	1.36585	498	330	1.50909	Pass
109	2.66454e-15	2.77556e-17	96	0.051743	0.000533	97.0788	360	243	1.48148	1238	448	2.76339	Pass
262	2.11636e-14	7.77156e-16	27.2321	0.042091	0.000601	70.0349	943	586	1.60922	7014	2363	2.96826	Pass
861	1.21431e-16	8.89046e-17	1.36585	0.053541	0.000442	121.133	504	503	1.00199	999	999	1	Pass
172	8.44507e-15	3.70528e-16	22.792	0.053425	0.000496	107.712	493	374	1.31818	2167	1198	1.80885	Pass
132	4.16334e-17	5.20417e-17	0.8	0.045977	0.000481	95.5863	407	272	1.49632	827	365	2.26575	Pass
296	4.39398e-18	6.16911e-17	0.0712256	0.046985	0.000681	68.9941	723	514	1.40661	4853	2266	2.14166	Pass
264	5.55285e-15	1.17165e-17	473.934	0.051532	0.000289	178.311	558	388	1.43814	742	185	4.01081	Pass
106	1.06498e-13	4.11129e-15	25.9038	0.048911	0.000778	62.8676	1254	667	1.88006	12401	3795	3.26772	Pass
318	5.01821e-13	9.78384e-16	512.908	0.05286	0.000479	110.355	638	396	1.61111	1319	543	2.4291	Pass
173	5.55112e-16	0	Inf	0.04768	0.000397	120.101	425	411	1.03406	120	63	1.90476	Pass
263	2.18345e-11	4.996e-16	43704	0.052518	0.000631	83.2298	684	498	1.37349	1762	574	3.06969	Pass
293	5.38024e-14	2.15106e-16	250.121	0.049856	0.000694	71.8386	984	582	1.69072	8810	2697	3.26659	Pass
15	8.88178e-16	2.25514e-17	39.3846	0.05628	0.000935	60.1925	608	512	1.1875	1141	781	1.46095	Pass
334	6.70089e-14	5.44009e-15	12.3176	0.062596	0.001347	46.4707	2034	1565	1.29968	21842	11579	1.88635	Pass
265	3.27418e-11	4.44089e-16	73728	0.048493	0.000689	70.3817	767	589	1.30221	1544	608	2.53947	Pass
11	3.93574e-14	2.92127e-15	13.4727	0.056125	0.000873	64.2898	1033	813	1.2706	6227	4116	1.51288	Pass
188	2.72273e-12	1.72879e-15	1574.94	0.055193	0.001004	54.9731	1348	994	1.35614	10681	5673	1.88278	Pass
136	3.21965e-14	1.22402e-14	2.63039	0.045846	0.000543	84.4309	944	689	1.3701	5686	2683	2.11927	Pass
102	2.06779e-15	1.07553e-16	19.2258	0.050199	0.000579	86.6995	471	315	1.49524	1589	1036	1.53378	Pass
171	2.34838e-15	9.86624e-18	238.022	0.056576	0.000772	73.285	915	644	1.42081	1680	526	3.19392	Pass
2194	0	0	NaN	0.075603	0.000357	211.773	593	592	1.00169	0	0	NaN	Pass
158	1.11022e-15	3.98986e-17	27.8261	0.050043	0.001043	47.9799	928	605	1.53388	2912	824	3.53398	Pass
273	1.1241e-14	1.11022e-16	101.25	0.054368	0.00146	37.2384	1252	956	1.30962	3461	1423	2.43219	Pass
1326	1.7798e-13	4.996e-16	356.246	0.059998	0.00096	62.4979	2535	937	2.70544	56690	3241	17.4915	Pass
108	2.28983e-16	7.63278e-17	3	0.05322	0.00121	43.9835	954	882	1.08163	3845	3814	1.00813	Pass
298	1.60316e-12	5.88451e-17	27243.8	0.064266	0.000823	78.0875	1157	994	1.16398	2631	1983	1.32678	Pass
1195	3.33158e-15	1.11239e-16	29.9497	0.062603	0.000971	64.4727	2571	755	3.4053	47274	1636	28.8961	Pass
118	4.67421e-14	5.0307e-16	92.9138	0.053683	0.001035	51.8676	1844	1091	1.69019	9030	1977	4.56753	Pass
2417	1.21431e-16	4.94396e-17	2.45614	0.044659	0.001201	37.1848	1656	1437	1.1524	5573	3957	1.40839	Pass
1325	7.10095e-14	3.78762e-16	187.478	0.053315	0.001429	37.3093	1908	1363	1.39985	13346	4934	2.7049	Pass
2734	4.20448e-09	6.42056e-15	654845	0.065213	0.001387	47.0173	3362	2389	1.40728	67392	33455	2.01441	Pass
253	2.38419e-07	3.72966e-17	6.39251e+09	0.055206	0.000566	97.5371	487	333	1.46246	1149	581	1.97762	Pass
313	2.47375e-15	1.06991e-15	2.31211	0.059717	0.001411	42.3225	3349	2832	1.18256	34556	24490	1.41102	Pass
2416	0	0	NaN	0.056062	0.002297	24.4066	1852	1637	1.13134	6209	4653	1.33441	Pass
306	2.2482e-15	8.32667e-17	27	0.049765	0.000811	61.3625	1059	992	1.06754	5148	4436	1.1605	Pass
1943	3.48749e-14	1.23165e-16	283.155	0.050868	0.000931	54.638	1099	793	1.38588	9407	4246	2.2155	Pass
323	1.83021e-13	1.52656e-16	1198.92	0.082387	0.001694	48.6346	5071	3371	1.5043	75338	32543	2.31503	Pass
141	9.11903e-08	3.47988e-16	2.6205e+08	0.090337	0.00132	68.4371	4694	1637	2.86744	108919	7585	14.3598	Pass
1630	4.12477e-12	1.04066e-14	396.361	0.064871	0.001753	37.0057	6128	3730	1.6429	118309	45215	2.61659	Pass
239	7.45058e-08	1.11038e-16	6.70996e+08	0.082363	0.001839	44.7868	5160	3578	1.44215	73747	34486	2.13846	Pass
113	0	1.1189e-16	0	0.050197	0.001378	36.4274	1257	1066	1.17917	3655	3621	1.00939	Pass
2338	3.83618e-12	5.85469e-17	65523.2	0.065167	0.000823	79.1823	1919	1194	1.6072	41005	16438	2.49452	Pass
316	8.98587e-16	2.95373e-17	30.4222	0.087243	0.001093	79.8198	2388	1993	1.19819	5554	3979	1.39583	Pass
6	5.37998e-15	1.38778e-17	387.668	0.089735	0.00067	133.933	9159	1071	8.55182	503241	4115	122.294	Pass
93	8.88178e-16	1.22298e-16	7.26241	0.049739	0.000753	66.0544	938	768	1.22135	2597	3120	0.832372	Pass
175	5.55389e-14	1.94289e-16	285.857	0.054296	0.001008	53.8651	1930	1645	1.17325	7809	3955	1.97446	Pass
174	3.13638e-15	8.0231e-18	390.919	0.074421	0.000752	98.9641	2001	1354	1.47784	3331	535	6.22617	Pass
94	5.41234e-16	1.04083e-16	5.2	0.066942	0.001234	54.248	2257	2042	1.10529	12537	12679	0.9888	Pass
1189	4.9576e-15	3.88578e-15	1.27583	0.074803	0.001738	43.0397	4001	1643	2.43518	51277	3487	14.7052	Pass
115	3.53884e-16	7.89299e-17	4.48352	0.054507	0.001681	32.4253	1236	1054	1.17268	2758	2214	1.24571	Pass
119	4.13558e-14	3.88578e-16	106.429	0.06813	0.00213	31.9859	3270	2310	1.41558	25359	12660	2.00308	Pass
95	4.12864e-16	1.80411e-16	2.28846	0.061643	0.002233	27.6055	1956	2043	0.957416	7946	9633	0.824873	Pass
215	2.17756e-11	9.21485e-15	2363.1	0.090423	0.001952	46.3233	6140	3913	1.56913	84548	30640	2.7594	Pass
1198	6.93669e-10	2.77935e-16	2.49579e+06	0.13022	0.001093	119.14	10958	1814	6.04079	396211	4273	92.7243	Pass
2559	1.21825e-11	3.14619e-15	3872.13	0.078355	0.001673	46.835	4987	3227	1.5454	85482	36853	2.31954	Pass
1112	1.16415e-10	3.32284e-17	3.5035e+06	0.072922	0.002239	32.569	3427	2324	1.47461	15825	5881	2.69087	Pass
16	2.47163e-14	1.80411e-16	137	0.054136	0.001532	35.3368	2379	1889	1.2594	10045	7767	1.29329	Pass
1169	9.32232e-10	2.71576e-15	343268	0.059095	0.002407	24.5513	3474	2604	1.3341	15460	7698	2.00831	Pass
17	2.57294e-14	2.13718e-15	12.039	0.073972	0.002663	27.7777	2992	2001	1.49525	10581	3993	2.64989	Pass
117	9.33767e-14	4.85723e-16	192.243	0.06208	0.00227	27.348	3161	2360	1.33941	23881	12865	1.85628	Pass
247	2.89916e-16	0	Inf	0.391675	0.000421	930.344	1968	1687	1.16657	670	0	Inf	Pass
249	1.3314e-16	0	Inf	0.445652	0.000397	1122.55	3175	1712	1.85456	4189	0	Inf	Pass
248	3.6993e-16	0	Inf	0.412973	0.00045	917.718	3400	1726	1.96987	4614	0	Inf	Pass
268	1.63725e-11	2.46095e-17	665291	0.087197	0.001014	85.9931	3417	2088	1.63649	18562	3696	5.02219	Pass
116	4.85029e-13	4.43395e-15	109.39	0.086681	0.002402	36.087	5714	3267	1.74901	95893	27708	3.46084	Pass
1641	2.03748e-12	3.18755e-17	63919.9	0.067932	0.000402	168.985	1747	1746	1.00057	25809	5073	5.08752	Pass
202	4.06952e-13	1.24345e-14	32.7277	0.086224	0.002962	29.1101	7172	7761	0.924108	135220	133050	1.01631	Pass
231	3.24748e-14	2.64145e-15	12.2943	0.070386	0.002684	26.2243	7080	5438	1.30195	86949	47727	1.8218	Pass
96	8.77076e-15	8.93383e-17	98.1748	0.070588	0.002445	28.8703	3352	2454	1.36593	24965	14569	1.71357	Pass
2748	2.11333e-12	1.66212e-14	127.147	0.179844	0.001601	112.332	26385	4637	5.6901	1.98263e+06	56913	34.8362	Pass
884	5.84394e-13	5.42309e-14	10.776	0.09853	0.005199	18.9517	10258	9993	1.02652	294258	301042	0.977465	Pass
335	1.59522e-13	1.11036e-13	1.43666	0.127152	0.00368	34.5522	16419	10887	1.50813	477072	198864	2.39899	Pass
267	5.48916e-12	3.56833e-15	1538.3	0.065067	0.001723	37.7638	6308	3564	1.76992	89633	23193	3.86466	Pass
321	6.40998e-12	1.49524e-17	428694	0.073247	0.001327	55.1974	3040	1996	1.52305	5927	2743	2.16077	Pass
266	1.00291e-11	3.25675e-15	3079.49	0.122827	0.002733	44.9422	15804	9912	1.59443	436953	203079	2.15164	Pass
1639	3.66407e-12	8.34836e-18	438897	0.075452	0.000326	231.448	2235	2196	1.01776	25897	5073	5.10487	Pass
8	1.2591e-13	3.4972e-15	36.003	0.067584	0.002643	25.5709	5381	4341	1.23958	55075	37144	1.48274	Pass
1864	2.70298e-13	1.11022e-16	2434.62	0.227	0.001206	188.226	16421	2325	7.0628	93832	7744	12.1167	Pass
2421	8.12381e-13	2.04212e-14	39.7813	0.069879	0.003568	19.5849	8604	7425	1.15879	105980	80831	1.31113	Pass
2015	5.32003e-13	3.3723e-15	157.757	0.297777	0.005786	51.4651	24274	14484	1.67592	920008	364014	2.5274	Pass
926	2.83671e-12	5.02257e-17	56479.2	0.131797	0.001986	66.363	11879	6851	1.73391	262566	81426	3.2246	Pass
122	6.55032e-14	2.22045e-16	295	0.066861	0.002478	26.9818	4213	3526	1.19484	30761	21152	1.45428	Pass
254	5.32907e-15	0	Inf	0.0665	0.000415	160.241	2663	2454	1.08517	704	0	Inf	Pass
310	3.85077e-13	4.32154e-14	8.91065	0.116517	0.003172	36.733	14335	9269	1.54655	300939	131614	2.28653	Pass
311	2.2927e-15	2.26388e-16	10.1273	0.114484	0.003493	32.7753	13617	9829	1.38539	277886	158563	1.75253	Pass
121	1.35031e-14	2.22045e-16	60.8125	0.08672	0.002862	30.3005	6422	4895	1.31195	66027	39750	1.66106	Pass
100	1.11076e-12	1.66533e-16	6669.92	0.109216	0.002658	41.0895	9716	2976	3.26478	275456	15228	18.0888	Pass
1634	6.58354e-11	2.31898e-14	2838.98	0.142143	0.002426	58.5915	20377	11090	1.83742	635746	217256	2.92625	Pass
149	0.00781584	5.66136e-17	1.38056e+14	0.069677	0.001159	60.1182	3390	3405	0.995595	13613	12818	1.06202	Fail
212	4096	2.24129e-14	1.82752e+17	0.071709	0.001857	38.6155	4888	2933	1.66655	92036	35266	2.60977	Fail
2749	4.33797e-10	8.20605e-15	52863.2	0.331377	0.00267	124.111	59606	5805	10.268	6.59902e+06	58664	112.488	Pass
203	4.28203e-13	5.02376e-14	8.52355	0.105876	0.003143	33.6863	13173	12486	1.05502	287721	270610	1.06323	Pass
929	3.18415e-12	2.09034e-16	15232.7	0.120605	0.002999	40.2151	15077	8663	1.74039	366199	115896	3.15972	Pass
190	4.44748e-09	7.69735e-15	577794	0.222386	0.003447	64.5158	18641	14275	1.30585	650877	371526	1.7519	Pass
269	1.27331e-11	2.38871e-15	5330.54	0.116243	0.003174	36.6235	10718	6299	1.70154	163298	54177	3.01416	Pass
307	1.47105e-15	7.51352e-17	19.5786	0.068497	0.001754	39.0519	3636	2887	1.25944	17534	10923	1.60524	Pass
2718	3.76371e-13	3.40309e-15	110.597	0.103209	0.002908	35.4914	10700	8024	1.3335	160845	81898	1.96397	Pass
295	1.01043e-17	8.95009e-17	0.112897	0.105889	0.002953	35.8581	10533	7314	1.44011	163180	79174	2.06103	Pass
98	2.93522e-13	2.94903e-15	99.5318	0.103527	0.002601	39.8028	9430	4157	2.26846	197928	42059	4.70596	Pass
1627	1.18256e-06	2.22045e-16	5.32576e+09	0.094381	0.00393	24.0155	5721	5313	1.07679	26294	22359	1.17599	Pass
124	2.0095e-14	3.70537e-15	5.42322	0.165474	0.003723	44.4464	4524	5061	0.893894	27274	43329	0.629463	Pass
255	1.02558e-13	8.1532e-16	125.789	0.092158	0.001386	66.4921	5352	3721	1.43832	36519	9743	3.74823	Pass
99	5.05397e-13	7.82707e-15	64.5703	0.127906	0.002636	48.5228	12813	6145	2.08511	388865	89529	4.34345	Pass
824	7.32605e-14	7.4943e-15	9.7755	0.113619	0.002585	43.9532	9958	6799	1.46463	253714	120008	2.11414	Pass
126	2.24265e-14	1.8735e-16	119.704	0.097868	0.003084	31.7341	4628	3791	1.22079	18140	13647	1.32923	Pass
256	9.35845e-14	9.63639e-16	97.1158	0.114179	0.00178	64.1455	5542	4084	1.357	42853	14460	2.96355	Pass
2560	1.79467e-10	5.24754e-15	34200.2	0.142178	0.002453	57.9609	11028	7533	1.46396	187722	97631	1.92277	Pass
123	3.51802e-13	1.79093e-14	19.6435	0.128995	0.003407	37.8618	13752	8679	1.58451	348823	156801	2.22462	Pass
82	6.66581e-17	0	Inf	0.235739	0.000435	541.929	4479	3276	1.36722	3670	0	Inf	Pass
257	1.53702e-13	1.36154e-15	112.888	0.118576	0.002251	52.677	7081	4864	1.4558	88126	31008	2.84204	Pass
328	2.13623e-06	5.874e-17	3.63675e+10	0.133972	0.004802	27.8992	6267	5954	1.05257	25646	23059	1.11219	Pass
234	2.25093e-09	1.30104e-16	1.7301e+07	0.110765	0.002712	40.8426	9908	8798	1.12617	109170	88264	1.23686	Pass
2691	3.66418e-12	4.60336e-15	795.979	0.311049	0.002681	116.02	35658	8803	4.05066	2.86983e+06	107943	26.5866	Pass
114	2.83801e-15	2.11636e-16	13.4098	0.09964	0.003803	26.2004	2552	2044	1.24853	13015	10400	1.25144	Pass
128	6.07014e-14	7.21645e-16	84.1154	0.089323	0.0032	27.9134	4940	4178	1.18238	29315	21958	1.33505	Pass
270	4.57723e-12	3.9141e-17	116942	0.087784	0.003493	25.1314	6742	4689	1.43783	21084	9149	2.30451	Pass
1637	3.66407e-12	2.83248e-18	1.29359e+06	0.081952	0.000693	118.257	3585	3546	1.011	25897	5073	5.10487	Pass
125	1.05305e-13	7.35523e-16	143.17	0.091792	0.00502	18.2853	7992	11416	0.70007	73587	216930	0.33922	Pass
2429	4.23682e-13	1.64914e-15	256.911	0.140895	0.005956	23.656	18186	10376	1.7527	400498	99868	4.01027	Pass
292	1.21785e-12	2.04562e-16	5953.46	0.117501	0.00331	35.4988	12843	8234	1.55975	236870	98002	2.41699	Pass
240	5.06302e-15	4.26881e-16	11.8605	0.226722	0.004044	56.0638	36471	18178	2.00633	1.91063e+06	474470	4.02688	Pass
251	1.86938e-07	8.03796e-16	2.32569e+08	0.12983	0.00244	53.209	15962	8237	1.93784	736496	209976	3.50752	Pass
245	3.55898e-14	2.24213e-16	158.732	0.178671	0.003874	46.1205	24727	14094	1.75443	789833	249213	3.16931	Pass
87	9.10383e-14	1.92717e-17	4723.94	0.304614	0.001356	224.642	8454	4094	2.06497	43055	2216	19.4292	Pass
101	9.0493e-13	1.84713e-14	48.991	0.151105	0.006382	23.6767	22766	18961	1.20068	1.01515e+06	584464	1.73689	Pass
308	1.55084e-15	7.34005e-17	21.1285	0.083486	0.002457	33.9788	4662	3911	1.19202	19230	12587	1.52777	Pass
204	1.60468e-12	2.69743e-13	5.94894	0.146743	0.005639	26.0229	22715	23650	0.960465	662369	540055	1.22648	Pass
2750	1.50728e-07	9.77531e-15	1.54192e+07	0.50347	0.00549	91.7067	81956	8559	9.57542	1.07234e+07	97254	110.262	Pass
280	1.81751e-09	6.01949e-15	301938	0.167184	0.003859	43.3231	24873	15420	1.61304	555438	193780	2.86633	Pass
319	1.91003e-11	1.11022e-16	172040	0.090218	0.001828	49.3534	6040	3996	1.51151	11677	5493	2.1258	Pass
88	1.08552e-13	5.60533e-17	1936.59	0.281977	0.001932	145.951	20967	4822	4.3482	481694	6485	74.2782	Pass
216	3.59927e-10	1.53991e-14	23373.2	0.229969	0.005119	44.9246	23545	17457	1.34874	526500	330295	1.59403	Pass
89	3.3081e-13	7.77156e-16	425.667	0.257938	0.00208	124.009	18587	5194	3.57855	334629	7853	42.6116	Pass
450	1.59713e-12	6.38378e-16	2501.85	0.093981	0.003841	24.4678	8874	6778	1.30924	43359	25237	1.71807	Pass
451	1.6269e-17	8.03394e-16	0.0202503	0.090884	0.003615	25.1408	9927	7088	1.40054	55822	26011	2.14609	Pass
145	1.39997e-13	1.66533e-16	840.653	0.120126	0.00345	34.8191	14983	12920	1.15967	247852	173166	1.4313	Pass
406	1.4047e-14	5.7109e-15	2.45968	0.122681	0.002881	42.5828	14451	11121	1.29943	568334	334467	1.69922	Pass
325	2.79727e-11	1.94533e-16	143794	0.201312	0.003961	50.8235	35519	19562	1.81571	1.13115e+06	354981	3.18651	Pass
90	5.95439e-13	1.77549e-15	335.366	0.290275	0.002366	122.686	18097	5935	3.0492	270133	12971	20.8259	Pass
2751	0.00303542	1.01636e-14	2.98655e+11	0.613995	0.02679	22.9188	113796	10162	11.1982	1.7061e+07	124612	136.913	Fail
2754	3.02796e-05	1.0322e-14	2.9335e+09	0.6729	0.00364	184.863	117706	10135	11.6138	1.80017e+07	116949	153.928	Fail
1636	2.92556e-11	8.5607e-14	341.743	0.27117	0.004591	59.0656	44938	23634	1.90141	1.81591e+06	598519	3.034	Pass
83	5.09178e-13	4.57707e-15	111.245	0.302554	0.002914	103.828	25872	6576	3.93431	651690	18925	34.4354	Pass
300	4.31932e-10	1.67032e-16	2.58592e+06	0.204918	0.004503	45.507	36746	20873	1.76046	1.15213e+06	379948	3.03235	Pass
2752	4.41691e-05	1.10619e-14	3.99289e+09	0.65089	0.003761	173.063	118038	10450	11.2955	1.8087e+07	132239	136.775	Fail
84	1.06851e-12	3.79864e-16	2812.87	0.50476	0.003036	166.258	38558	7071	5.45298	1.85586e+06	26748	69.3831	Pass
2755	0.00263064	1.09267e-14	2.40753e+11	0.675604	0.003822	176.767	114960	10654	10.7903	1.73046e+07	124880	138.57	Fail
85	3.00973e-12	8.35443e-15	360.255	0.367494	0.003041	120.846	39502	7233	5.46136	2.01738e+06	26657	75.6792	Pass
2753	0.00837746	1.16441e-14	7.19459e+11	0.650905	0.004188	155.421	124807	10626	11.7454	2.00494e+07	138798	144.45	Fail
86	2.02148e-12	2.0331e-15	994.288	0.291927	0.003046	95.8395	28845	7584	3.8034	974909	38227	25.5032	Pass
2736	1.21853e-12	1.71499e-15	710.518	0.199033	0.004369	45.5557	30057	19167	1.56816	1.17611e+06	449632	2.61571	Pass
130	1.71738e-16	1.38778e-16	1.2375	0.096134	0.004979	19.3079	8434	7692	1.09646	50229	53180	0.944509	Pass
131	5.21065e-13	7.97713e-14	6.53199	0.150139	0.005659	26.531	22724	17931	1.2673	801278	554366	1.4454	Pass
1638	3.66407e-12	3.46945e-18	1.0561e+06	0.091778	0.000976	94.0348	5223	5184	1.00752	25897	5073	5.10487	Pass
2673	5.25388e-06	3.05311e-16	1.72083e+10	0.31459	0.004148	75.8414	53730	16495	3.25735	3.86128e+06	250269	15.4285	Pass
205	7.14649e-12	8.05467e-14	88.7248	0.194215	0.008312	23.3656	34759	39633	0.877022	1.22221e+06	1.15558e+06	1.05766	Pass
18	5.91582e-13	2.83801e-15	208.45	0.110689	0.006469	17.1107	10485	7306	1.43512	44145	16699	2.64357	Pass
2665	6.73407e-11	9.61931e-15	7000.57	0.375181	0.004356	86.1297	79068	21017	3.7621	1.1153e+07	442457	25.2071	Pass
1346	4.5575e-14	2.18981e-16	208.123	0.389113	0.00153	254.322	23295	3838	6.06957	416193	2096	198.565	Pass
271	3.66707e-12	1.47885e-16	24796.7	0.12484	0.004984	25.0482	10618	7531	1.40991	35714	17050	2.09466	Pass
333	1.90533e-10	1.89092e-14	10076.2	0.291788	0.005462	53.4215	59840	31234	1.91586	2.78713e+06	917399	3.03808	Pass
2735	9.43685e-12	1.42287e-14	663.224	0.274338	0.005704	48.0957	43109	31061	1.38788	3.69612e+06	2.12986e+06	1.73538	Pass
19	9.30978e-14	2.66454e-15	34.9396	0.12605	0.007727	16.3129	11487	7721	1.48776	42662	16432	2.59628	Pass
1059	6.92159e-15	2.19546e-17	315.268	0.16896	0.003437	49.1592	11416	6755	1.69001	43781	8224	5.32357	Pass
1061	7.48321e-15	2.20955e-17	338.676	0.160649	0.003153	50.9512	11196	6762	1.65572	41766	8279	5.04481	Pass
1060	6.66145e-15	2.29957e-17	289.682	0.161541	0.003447	46.8642	11353	6780	1.67448	43611	8346	5.22538	Pass
1896	2.12211e-13	7.79978e-16	272.073	0.22509	0.005445	41.3388	32303	15288	2.11296	1.18061e+06	174408	6.76923	Pass
1058	2.89991e-14	2.19159e-17	1323.2	0.530824	0.003015	176.061	10872	6841	1.58924	38566	8550	4.51064	Pass
1062	1.2537e-15	2.22085e-17	56.4515	0.150798	0.00313	48.1783	11464	6835	1.67725	44325	8511	5.20797	Pass
1055	5.78157e-16	2.83321e-17	20.4064	0.158902	0.003235	49.1196	11908	6898	1.7263	52418	8771	5.97629	Pass
226	3.83434e-09	3.6204e-16	1.05909e+07	0.394454	0.006467	60.9949	78773	38834	2.02845	5.66e+06	1.62509e+06	3.48287	Pass
152	5.96085e-08	9.02531e-17	6.6046e+08	0.204369	0.005331	38.336	29423	22627	1.30035	791765	521526	1.51817	Pass
297	3.33963e-18	9.05173e-17	0.0368949	0.184521	0.003915	47.1318	29236	19322	1.51309	674330	305966	2.20394	Pass
134	4.55191e-15	2.498e-16	18.2222	0.10207	0.004906	20.8051	6733	8775	0.767293	24966	60958	0.409561	Pass
127	1.37325e-13	3.9012e-16	352.008	0.164796	0.006229	26.4563	14651	9347	1.56745	270562	105618	2.5617	Pass
20	1.21153e-13	4.996e-15	24.25	0.127737	0.007162	17.8354	11815	8192	1.44226	45604	19412	2.34927	Pass
2720	2.38672e-12	9.12463e-15	261.569	0.173652	0.005584	31.0981	26979	18548	1.45455	648518	283962	2.28382	Pass
1626	1.77309e-06	1.32293e-16	1.34027e+10	0.137279	0.011434	12.0062	12651	11823	1.07003	67345	52341	1.28666	Pass
176	7.08899e-12	1.79676e-13	39.4543	0.191174	0.010479	18.2435	38989	54513	0.715224	1.27844e+06	1.78788e+06	0.715059	Pass
2561	4.55562e-06	5.43857e-15	8.3765e+08	0.164143	0.004097	40.0642	22331	15803	1.41309	368591	205910	1.79006	Pass
21	1.35515e-13	1.16573e-15	116.249	0.149175	0.007432	20.072	14797	9577	1.54506	87636	29331	2.98783	Pass
2719	2.64434e-12	1.85172e-14	142.805	0.18903	0.004779	39.5543	28604	19839	1.44181	762749	346300	2.20257	Pass
105	8.53511e-13	4.00201e-15	213.271	0.219071	0.008039	27.251	28795	19500	1.47667	794415	326281	2.43476	Pass
225	2.01291e-09	3.4785e-16	5.78672e+06	0.463138	0.00938	49.3751	94706	50374	1.88006	6.82796e+06	2.3931e+06	2.85318	Pass
177	5.72317e-12	3.39527e-13	16.8563	0.241224	0.014119	17.0851	48583	75733	0.641504	1.85745e+06	4.01548e+06	0.462572	Pass
2730	2.44726e-13	2.45191e-15	99.8106	0.640226	0.004546	140.833	65128	21028	3.0972	7.28218e+06	410847	17.7248	Pass
2423	2.491e-12	5.9501e-14	41.8649	0.226615	0.009002	25.1739	33499	25012	1.33932	587390	304404	1.92964	Pass
104	1.36017e-12	3.65673e-15	371.963	0.235132	0.023358	10.0664	25293	16933	1.49371	712708	469192	1.51901	Pass
135	7.54501e-14	9.15934e-16	82.375	0.144567	0.007426	19.4677	14204	11916	1.19201	130114	96934	1.34229	Pass
1628	4.78137e-10	8.59501e-16	556296	0.414567	0.006979	59.4021	84440	42604	1.98197	4.44113e+06	1.37765e+06	3.22371	Pass
2722	9.56219e-06	4.81107e-15	1.98754e+09	1.06105	0.009388	113.021	148322	24726	5.99862	1.99489e+07	526454	37.893	Pass
380	8.23335e-12	7.32621e-15	1123.82	0.163255	0.002959	55.1724	24096	12257	1.9659	1.2307e+06	266986	4.60959	Pass
272	9.10094e-12	8.92732e-16	10194.5	0.14251	0.006152	23.1648	12502	9892	1.26385	39405	20041	1.96622	Pass
178	1.56085e-12	8.00804e-13	1.9491	0.264534	0.014698	17.998	49324	77033	0.640297	1.8178e+06	3.4357e+06	0.52909	Pass
1106	3.13187e-14	2.72408e-17	1149.7	0.213961	0.003116	68.6653	25059	8932	2.80553	336565	16477	20.4264	Pass
138	2.89705e-13	1.11369e-15	260.131	0.15971	0.009228	17.3071	18764	14310	1.31125	237199	126343	1.87742	Pass
893	2.98678e-13	5.82867e-16	512.429	0.1017	0.00388	26.2113	8580	7419	1.15649	14521	11251	1.29064	Pass
137	4.4062e-16	2.38524e-17	18.4727	0.167432	0.007387	22.6658	11467	9563	1.1991	64236	53036	1.21118	Pass
182	1.11564e-12	5.64826e-14	19.7518	0.215704	0.009777	22.0624	35561	42482	0.837084	797255	1.15762e+06	0.688704	Pass
183	9.80804e-13	1.08174e-13	9.06692	0.217471	0.01098	19.8061	38473	53087	0.724716	1.04994e+06	1.56628e+06	0.670336	Pass
294	7.76203e-12	5.81031e-16	13359.1	0.193223	0.00455	42.4666	35580	20746	1.71503	957639	341356	2.8054	Pass
208	1.31465e-12	6.98747e-15	188.145	0.266965	0.006333	42.1546	26913	14515	1.85415	870127	304483	2.85772	Pass
180	4.00967e-13	1.6355e-14	24.5165	0.165147	0.007789	21.2026	27970	28022	0.998144	369436	372722	0.991184	Pass
287	4.37844e-15	1.11022e-16	39.4375	0.14817	0.006253	23.6958	16869	14345	1.17595	70498	53153	1.32632	Pass
2721	2.52868e-12	1.6606e-14	152.275	0.195752	0.006184	31.6546	33324	24112	1.38205	787797	402992	1.95487	Pass
299	3.28102e-11	7.06072e-17	464686	0.125593	0.003227	38.9194	9997	9994	1.0003	19992	19983	1.00045	Pass
467	5.55112e-15	1.11022e-16	50	0.197004	0.001621	121.532	13279	8192	1.62097	12469	949	13.1391	Pass
2689	0.000686275	2.28301e-13	3.00601e+09	0.595449	0.004911	121.248	93451	17619	5.30399	7.34366e+06	182948	40.1407	Fail
314	1.24255e-13	5.77697e-16	215.086	0.146326	0.004796	30.51	16826	26668	0.630943	317313	1.02584e+06	0.309319	Pass
111	7.03881e-14	4.30211e-16	163.613	0.210641	0.008094	26.0243	21219	15223	1.39388	267882	123165	2.17498	Pass
214	5.59329e-10	4.84933e-14	11534.1	0.385145	0.010006	38.4914	73479	50591	1.45241	2.73052e+06	1.54149e+06	1.77134	Pass
110	9.39155e-13	8.45397e-14	11.109	0.278856	0.015712	17.748	44793	44568	1.00505	2.09866e+06	1.68804e+06	1.24325	Pass
195	3.54767e-12	1.95795e-13	18.1193	0.312939	0.018681	16.7517	68238	81535	0.836917	2.95229e+06	4.10009e+06	0.720054	Pass
2195	1.11796e-11	9.70942e-14	115.142	0.870513	0.024158	36.0342	216053	163518	1.32128	5.82506e+07	3.23668e+07	1.7997	Pass
1640	3.66407e-12	5.79371e-19	6.32423e+06	0.129789	0.001506	86.1813	8823	8784	1.00444	25897	5073	5.10487	Pass
1442	2.53195e-17	2.19903e-16	0.115139	0.279227	0.006137	45.4989	46687	21901	2.13173	1.10824e+06	250152	4.43027	Pass
181	1.96319e-13	1.73098e-13	1.13415	0.172669	0.015693	11.0029	30370	42785	0.709828	357027	641010	0.556976	Pass
1790	1.05618e-10	1.19967e-16	880392	19.3779	0.010315	1878.62	1.7413e+06	9001	193.456	1.51067e+09	9000	167852	Pass
2690	1.47909e-10	7.3136e-14	2022.39	0.670714	0.005266	127.367	132329	17858	7.41007	1.27165e+07	177469	71.6545	Pass
184	2.47596e-12	2.30455e-13	10.7438	0.3023	0.017193	17.5827	55978	87220	0.641802	1.73101e+06	3.5916e+06	0.481961	Pass
179	8.43769e-13	2.84979e-13	2.96082	0.258434	0.017272	14.9626	50041	61096	0.819055	1.28356e+06	1.72831e+06	0.742667	Pass
233	1.12393e-08	8.67362e-16	1.2958e+07	0.329602	0.012928	25.4952	58655	49067	1.19541	3.23173e+06	2.26974e+06	1.42384	Pass
1188	4.43449e-11	1.45595e-15	30457.8	2.75723	0.005167	533.622	683150	11810	57.845	3.29507e+08	53727	6133	Pass
230	1.00829e-13	2.87169e-14	3.51113	0.442304	0.011029	40.1037	62298	44048	1.41432	1.56769e+06	712565	2.20007	Pass
107	1.86314e-12	6.5583e-14	28.4089	0.461764	0.012169	37.9459	86661	48213	1.79746	6.78981e+06	2.57122e+06	2.6407	Pass
309	1.20522e-11	8.14139e-14	148.036	0.501027	0.010606	47.24	92932	57186	1.62508	3.78068e+06	1.90995e+06	1.97946	Pass
112	1.16129e-13	5.96745e-16	194.605	0.315984	0.026329	12.0014	23012	29717	0.774372	234972	443769	0.529492	Pass
196	6.88592e-12	4.89216e-13	14.0754	0.401318	0.025857	15.5207	91212	135723	0.672045	4.59434e+06	6.8532e+06	0.670394	Pass
1327	3.94843e-12	1.83568e-15	2150.94	0.189337	0.004684	40.4221	24456	12489	1.9582	329433	117287	2.80878	Pass
1430	2.42013e-16	3.30573e-16	0.732102	0.414692	0.008881	46.6943	79785	43298	1.84269	3.99634e+06	1.10208e+06	3.62617	Pass
988	7.43113e-15	7.49401e-16	9.91609	3.52863	0.006618	533.187	94107	12787	7.35958	3.61748e+06	19488	185.626	Pass
987	9.90656e-15	3.51888e-17	281.526	3.76081	0.005004	751.56	156126	12738	12.2567	1.21651e+07	19373	627.941	Pass
986	1.0044e-14	3.37323e-17	297.758	3.59906	0.006682	538.621	116913	12843	9.10325	5.07457e+06	19754	256.888	Pass
984	9.67859e-15	5.10295e-17	189.667	3.81806	0.004877	782.87	249540	12910	19.3292	2.53999e+07	20300	1251.23	Pass
1186	1.13243e-14	3.38813e-17	334.234	2.28515	0.009092	251.337	21797	9611	2.26792	91253	7934	11.5015	Pass
989	9.26117e-15	3.68962e-17	251.007	3.61655	0.004921	734.923	153084	12969	11.8038	9.09833e+06	20287	448.481	Pass
990	7.65687e-15	4.16334e-16	18.3912	3.66899	0.006633	553.143	159793	12963	12.3269	1.17778e+07	20231	582.166	Pass
993	8.96223e-15	3.29342e-17	272.125	3.71013	0.006452	575.036	166388	12985	12.8139	1.06089e+07	20377	520.632	Pass
992	7.14116e-14	1.22471e-15	58.3087	3.67958	0.006247	589.016	147384	12995	11.3416	1.03654e+07	20387	508.434	Pass
991	1.30977e-15	2.28983e-16	5.71992	3.54201	0.013626	259.945	76510	13010	5.88086	2.27316e+06	20466	111.07	Pass
994	3.18485e-15	4.44089e-16	7.17164	3.72362	0.006821	545.906	140764	12993	10.8338	7.30686e+06	20350	359.059	Pass
996	5.1079e-15	8.32667e-17	61.3438	3.77211	0.006596	571.879	194776	12999	14.9839	1.56072e+07	20388	765.511	Pass
985	1.64313e-14	3.33067e-16	49.3332	3.65869	0.007227	506.254	118299	13045	9.06853	6.34636e+06	20618	307.807	Pass
429	3.77138e-12	7.60372e-13	4.95991	0.385699	0.008269	46.644	59037	38048	1.55165	1.68355e+06	723678	2.32638	Pass
258	6.74584e-18	3.76292e-16	0.0179271	1.0649	0.033631	31.6641	239501	99762	2.40072	2.53686e+07	5.61294e+06	4.51967	Pass
1535	2.7785e-12	1.8138e-15	1531.87	0.28283	0.007836	36.0937	29993	20084	1.49338	221798	92281	2.40351	Pass
836	1.32294e-12	1.65042e-14	80.1581	0.233276	0.008582	27.182	29962	21031	1.42466	221530	108441	2.04286	Pass
259	1.5398e-20	9.31879e-16	1.65236e-05	1.03118	0.015903	64.842	232098	105589	2.19813	2.24712e+07	6.46037e+06	3.47831	Pass
2674	2.77956e-06	6.67346e-15	4.16509e+08	0.856876	0.014215	60.2797	152177	49504	3.07403	1.83359e+07	1.72499e+06	10.6296	Pass
2334	1.3026e-08	2.78562e-13	46761.4	0.15699	0.004932	31.8309	17648	14663	1.20357	192206	135734	1.41605	Pass
331	2.09807e-08	2.44271e-14	858914	0.757327	0.012731	59.4868	169951	82234	2.06668	1.14687e+07	3.45026e+06	3.32402	Pass
91	1.61101e-12	2.64164e-14	60.9854	0.494438	0.012302	40.1917	69364	29450	2.35531	2.76383e+06	736769	3.75128	Pass
2419	1.72432e-13	3.81639e-16	451.819	0.323687	0.015919	20.3334	44135	30780	1.43389	666377	248467	2.68195	Pass
1613	1.81612e-09	3.38694e-15	536213	0.745084	0.010385	71.7462	132114	69202	1.90911	7.05639e+06	1.99164e+06	3.54301	Pass
92	1.84859e-12	6.34215e-14	29.1477	0.450723	0.01209	37.2806	78359	31984	2.44994	3.33091e+06	893160	3.72936	Pass
2562	1.0707e-07	6.52075e-14	1.642e+06	0.296147	0.008006	36.9906	48776	35202	1.3856	874904	484572	1.80552	Pass
2418	3.88023e-14	1.80411e-16	215.077	0.280313	0.01448	19.3586	40557	27430	1.47856	341873	111149	3.07581	Pass
197	5.31097e-12	2.15886e-13	24.6008	0.50879	0.027156	18.7358	116178	140239	0.828429	6.2362e+06	6.55234e+06	0.951752	Pass
2675	5.30457e-07	1.69474e-14	3.13002e+07	1.06003	0.015494	68.4158	211565	49846	4.24437	3.12575e+07	1.29733e+06	24.0937	Pass
1196	2.54187e-12	3.36979e-16	7543.11	12.6445	0.006227	2030.59	3.28052e+06	13429	244.286	3.93086e+09	23952	164114	Pass
1170	1.81899e-12	1.33492e-18	1.36262e+06	0.21385	0.003738	57.2097	14992	13203	1.1355	7550	823	9.17375	Pass
838	4.16049e-14	3.73912e-15	11.1269	0.250197	0.004883	51.2384	45960	30676	1.49824	957450	491334	1.94867	Pass
1942	1.19926e-12	5.61183e-16	2137.03	0.168929	0.006933	24.3659	17063	15104	1.1297	429823	338585	1.26947	Pass
2737	1.18387e-11	1.71473e-15	6904.09	0.603911	0.02002	30.1654	130542	87730	1.488	1.18999e+07	5.33843e+06	2.2291	Pass
252	8.55518e-05	1.11022e-16	7.70582e+11	0.323195	0.003462	93.355	49756	23115	2.15254	2.54974e+06	793141	3.21473	Fail
227	6.00953e-09	3.40706e-16	1.76385e+07	1.35596	0.037199	36.4515	319763	154159	2.07424	3.93293e+07	1.31481e+07	2.99124	Pass
1053	6.32753e-13	1.28503e-16	4924.05	5.34596	0.01198	446.24	718459	18955	37.9034	2.16075e+08	74056	2917.72	Pass
324	1.59817e-10	2.65358e-16	602269	0.790057	0.013126	60.1902	157857	82079	1.92323	7.72101e+06	2.4188e+06	3.19208	Pass
2692	4.94221e-11	2.72422e-14	1814.18	6.65746	0.010169	654.682	1.30145e+06	35400	36.7642	7.65745e+08	389771	1964.6	Pass
81	9.17694e-12	8.58327e-13	10.6917	0.832147	0.035626	23.3579	170652	184125	0.926827	1.34026e+07	1.34753e+07	0.994607	Pass
1378	1.16462e-10	7.76905e-14	1499.06	8.88166	0.012137	731.784	27985	31322	0.893461	141482	173317	0.816319	Pass
1537	3.31284e-10	2.84766e-13	1163.35	0.551635	0.010975	50.2629	92338	33316	2.77158	5.09707e+06	755851	6.74348	Pass
2738	4.28247e-11	3.72041e-15	11510.7	0.679037	0.031269	21.716	139893	93860	1.49044	1.14364e+07	5.65258e+06	2.02322	Pass
198	6.47047e-12	1.38285e-12	4.6791	0.704653	0.037013	19.038	144718	211922	0.682883	8.15759e+06	1.49474e+07	0.545753	Pass
2666	3.63726e-10	1.05017e-14	34634.8	1.89201	0.013947	135.657	398508	70900	5.62071	1.03219e+08	2.35378e+06	43.8526	Pass
2655	1.61726e-10	5.76308e-16	280624	0.40436	0.01046	38.6577	70139	24944	2.81186	1.47287e+06	145411	10.129	Pass
139	1.28543e-15	1.81062e-16	7.0994	0.282369	0.008046	35.0943	14590	10837	1.34631	116075	116509	0.996275	Pass
329	4.47125e-10	9.02092e-14	4956.54	0.347555	0.011596	29.972	70715	71963	0.982658	6.54838e+06	6.13661e+06	1.0671	Pass
539	4.01471e-15	1.11089e-16	36.1396	0.582546	0.008316	70.0512	63004	17159	3.67178	3.33008e+06	121318	27.4492	Pass
2743	2.28488e-11	5.35487e-15	4266.92	0.751007	0.024946	30.1053	150998	95478	1.5815	1.10125e+07	4.88624e+06	2.25377	Pass
2739	3.75751e-11	7.73575e-15	4857.33	0.810412	0.022399	36.1807	166811	117688	1.4174	1.48725e+07	8.17777e+06	1.81865	Pass
1360	6.17073e-10	1.91674e-15	321939	1.7764	0.04737	37.5005	432992	314545	1.37657	1.65474e+08	1.00359e+08	1.64883	Pass
2723	6.05778e-08	1.35526e-14	4.46982e+06	6.15651	0.025475	241.669	1.19541e+06	79532	15.0305	6.52338e+08	2.85643e+06	228.376	Pass
199	6.32364e-11	1.23851e-12	51.0583	0.878897	0.05676	15.4844	183751	272947	0.673211	1.20247e+07	2.30059e+07	0.52268	Pass
2676	3.89868e-06	7.41432e-15	5.25831e+08	2.3965	0.054403	44.0508	495018	82562	5.99571	1.27068e+08	2.6371e+06	48.1846	Pass
1446	9.44134e-13	2.05619e-16	4591.67	0.429075	0.010186	42.124	38725	18278	2.11867	1.43052e+06	302850	4.72353	Pass
2740	1.39054e-10	2.68022e-15	51881.6	0.834103	0.028877	28.8847	172549	121603	1.41895	1.5581e+07	8.71417e+06	1.78801	Pass
1865	2.70298e-13	7.32616e-17	3689.49	9.7736	0.010859	900.046	1.07446e+06	18453	58.227	5.83146e+06	61504	94.8144	Pass
140	3.8216e-15	1.36609e-16	27.9746	0.194313	0.00583	33.3298	8324	4785	1.7396	39461	32269	1.22288	Pass
734	5.94002e-13	1.56754e-14	37.8938	0.410859	0.011162	36.8087	70332	45543	1.5443	2.75676e+06	1.21228e+06	2.27403	Pass
1633	8.88481e-09	8.49832e-14	104548	1.26574	0.024288	52.1137	293770	150256	1.95513	2.29412e+07	8.36253e+06	2.74334	Pass
2741	2.75672e-11	1.60464e-15	17179.7	0.929108	0.025513	36.417	179407	117453	1.52748	1.66375e+07	8.17094e+06	2.03618	Pass
2744	4.09467e-11	6.98704e-15	5860.38	0.850151	0.055776	15.2422	162551	111759	1.45448	1.16249e+07	6.14668e+06	1.89125	Pass
830	3.39379e-10	6.85095e-16	495374	3.45527	0.044587	77.4951	854957	330539	2.58655	2.38497e+08	5.4125e+07	4.40641	Pass
418	2.15875e-14	1.60138e-14	1.34805	0.467881	0.007114	65.769	90111	51827	1.73869	5.8352e+06	2.2254e+06	2.62209	Pass
545	7.34081e-08	8.05428e-14	911417	2.01989	0.049497	40.8084	390236	183458	2.12711	8.25196e+07	2.05633e+07	4.01296	Pass
2742	9.66917e-11	1.05746e-14	9143.79	0.911083	0.026096	34.9127	187853	122522	1.53322	1.7946e+07	8.8352e+06	2.0312	Pass
2745	2.88682e-11	1.57806e-15	18293.5	0.908779	0.053437	17.0065	188190	120256	1.56491	1.46281e+07	7.06139e+06	2.07157	Pass
322	4.80214e-10	5.55112e-17	8.65076e+06	0.335504	0.0074	45.3384	30040	19996	1.5023	57677	27493	2.09788	Pass
244	9.31323e-10	4.8847e-16	1.90661e+06	1.61984	0.04018	40.3145	378836	187091	2.02488	4.6637e+07	1.47018e+07	3.1722	Pass
810	8.49052e-12	2.5386e-16	33445.7	0.992133	0.036715	27.0226	190584	100845	1.88987	9.6206e+06	3.33929e+06	2.88103	Pass
336	2.59574e-10	2.77963e-12	93.3846	2.02331	0.068139	29.6939	416918	281526	1.48092	4.07979e+07	1.98555e+07	2.05474	Pass
2696	1.44553e-06	1.55133e-14	9.318e+07	2.8921	0.053913	53.6439	577934	81900	7.05658	1.86258e+08	1.88115e+06	99.0128	Pass
246	1.29875e-12	9.93863e-16	1306.77	1.2884	0.019787	65.1135	218681	126962	1.72241	2.00066e+07	8.55386e+06	2.33889	Pass
200	9.27229e-12	2.02382e-12	4.58159	1.00711	0.08547	11.7833	220461	403334	0.546597	1.52809e+07	4.00018e+07	0.382004	Pass
828	1.21865e-14	2.39557e-16	50.8709	0.88533	0.018862	46.9372	177009	117817	1.50241	7.63797e+06	3.77687e+06	2.0223	Pass
371	1.70299e-16	1.24977e-17	13.6264	4.82504	0.010156	475.092	484437	30597	15.8328	1.59377e+08	254940	625.153	Pass
460	1.54711e-14	1.88833e-14	0.8193	0.437252	0.007397	59.1121	35612	24690	1.44237	462377	258551	1.78834	Pass
823	5.83207e-12	1.05454e-14	553.046	0.70146	0.02178	32.2066	150336	101727	1.47784	1.08532e+07	5.11615e+06	2.12136	Pass
1538	5.55171e-10	3.62655e-14	15308.5	2.17267	0.023355	93.028	423323	96834	4.37164	1.13391e+08	6.55167e+06	17.3072	Pass
22	1.33892e-11	4.48808e-14	298.329	0.533903	0.026749	19.9597	80910	52912	1.52914	1.20785e+06	553219	2.18332	Pass
65	1.32744e-09	1.55976e-14	85105.2	0.316151	0.00652	48.4894	54271	46350	1.1709	1.34169e+06	1.07458e+06	1.24857	Pass
1200	1.05323e-12	4.62775e-14	22.7589	0.480755	0.026074	18.4381	93901	64545	1.45481	1.25026e+06	545349	2.29258	Pass
241	1.39854e-07	7.01776e-16	1.99286e+08	2.59481	0.047648	54.4578	595904	294830	2.02118	8.10017e+07	2.83948e+07	2.8527	Pass
1539	1.08067e-10	4.65044e-13	232.381	1.3396	0.040784	32.8461	255803	51573	4.96002	3.50722e+07	1.60514e+06	21.85	Pass
419	9.93203e-13	3.55098e-15	279.698	0.36607	0.006043	60.5775	67630	40538	1.66831	2.38938e+06	963699	2.47939	Pass
250	3.11227e-14	5.51052e-14	0.564786	0.507744	0.036529	13.8998	87867	83265	1.05527	2.59313e+06	3.19091e+06	0.81266	Pass
243	1.2006e-05	1.74129e-14	6.89488e+08	1.32141	0.022379	59.0469	311603	129068	2.41425	6.18854e+07	1.56932e+07	3.94346	Fail
755	7.06679e-13	5.40193e-15	130.82	0.518199	0.028478	18.1965	87664	58655	1.49457	1.58217e+06	502871	3.14628	Pass
2412	5.75557e-11	4.93179e-12	11.6704	1.04521	0.040886	25.5641	236254	160645	1.47066	1.06091e+07	5.01524e+06	2.11537	Pass
2746	3.7842e-11	4.16315e-15	9089.76	1.165	0.037018	31.4712	240447	143205	1.67904	2.10851e+07	8.28901e+06	2.54374	Pass
837	1.6789e-13	3.747e-15	44.8064	0.425693	0.017635	24.1391	69762	50325	1.38623	626747	352562	1.77769	Pass
426	4.76399e-16	2.4693e-16	1.92929	0.865901	0.017107	50.6168	188514	127970	1.47311	1.07086e+07	4.82496e+06	2.21941	Pass
540	1.41465e-15	2.8228e-17	50.115	0.329085	0.010159	32.3934	33181	23794	1.39451	108008	47963	2.2519	Pass
201	7.34471e-11	7.50136e-13	97.9117	1.17318	0.090906	12.9054	266026	442905	0.600639	1.92865e+07	4.54819e+07	0.424048	Pass
2731	4.38451e-10	8.7183e-15	50290.8	6.01709	0.039164	153.638	1.42387e+06	97544	14.5972	9.75372e+08	3.91295e+06	249.268	Pass
344	1.46577e-12	2.48952e-12	0.588775	0.527461	0.012669	41.634	132432	90180	1.46853	1.76538e+07	8.95001e+06	1.97249	Pass
2747	1.13773e-11	1.39796e-14	813.847	1.21066	0.038536	31.4163	252056	151101	1.66813	2.27982e+07	9.20266e+06	2.47735	Pass
213	83	6.89802e-16	1.20324e+17	0.567748	0.010905	52.0631	68038	74126	0.91787	3.34708e+06	5.7998e+06	0.577104	Fail
2411	3.87373e-11	3.29292e-13	117.638	0.959349	0.031377	30.5749	234556	164351	1.42717	1.0683e+07	5.15342e+06	2.073	Pass
2677	9.82903e-07	8.70092e-15	1.12965e+08	2.33588	0.061427	38.0268	343726	107661	3.19267	3.96442e+07	3.7722e+06	10.5096	Pass
422	6.9514e-14	1.60714e-14	4.32533	0.536991	0.008311	64.6121	114447	62425	1.83335	6.97349e+06	2.55382e+06	2.73061	Pass
120	1.26623e-12	1.14653e-14	110.44	0.878035	0.087825	9.99755	173385	152764	1.13499	9.21411e+06	8.36598e+06	1.10138	Pass
2230	7.1769e-12	4.10207e-15	1749.58	6.18711	0.077173	80.172	1.41212e+06	521414	2.70826	9.11251e+08	1.51454e+07	60.1667	Pass
900	7.51657e-12	3.76386e-14	199.704	16.2151	0.065093	249.106	2.03247e+06	154123	13.1873	1.24788e+09	1.20228e+07	103.792	Pass
189	8.11469e-08	2.26437e-13	358364	1.71783	0.04406	38.9884	353942	292788	1.20887	2.64275e+07	1.89484e+07	1.39471	Pass
2563	1.96426e-06	6.80739e-15	2.88548e+08	0.598078	0.015646	38.2256	96296	58358	1.65009	1.71997e+06	659022	2.60988	Pass
2706	1.24664e-11	3.981e-14	313.147	6.28105	0.016557	379.359	1.41295e+06	87262	16.1921	6.96924e+08	1.97948e+06	352.074	Pass
754	2.85031e-12	1.7264e-14	165.101	0.599149	0.026678	22.4585	97055	52710	1.8413	1.99707e+06	410548	4.8644	Pass
2410	1.2244e-11	1.05509e-12	11.6046	1.47198	0.049981	29.4508	314763	211956	1.48504	1.98003e+07	8.99318e+06	2.2017	Pass
416	3.58976e-05	1.05499e-15	3.40266e+10	0.499518	0.006242	80.0253	80003	36331	2.20206	8.7975e+06	1.65178e+06	5.32609	Fail
2678	9.01188e-07	3.99158e-15	2.25772e+08	2.99316	0.059468	50.3323	398386	117102	3.40204	5.10665e+07	3.62522e+06	14.0864	Pass
2409	6.46553e-11	3.85539e-13	167.701	1.23085	0.038484	31.9835	289943	203711	1.42331	1.61767e+07	7.67776e+06	2.10695	Pass
457	3.27436e-11	4.47553e-15	7316.15	1.02733	0.022056	46.5783	154347	103183	1.49586	1.08842e+07	6.79421e+06	1.60199	Pass
456	9.31328e-08	2.50234e-16	3.72182e+08	0.86375	0.003671	235.29	67945	24011	2.82974	2.04952e+06	85826	23.8799	Pass
917	2.31401e-08	6.22336e-14	371827	2.12815	0.056957	37.3642	409801	279277	1.46736	2.58032e+07	1.16062e+07	2.22322	Pass
1328	2.7496e-05	1.22976e-15	2.23589e+10	0.769649	0.024532	31.3733	137523	38188	3.60121	1.94565e+07	2.21706e+06	8.77584	Fail
2732	4.40169e-10	4.9734e-15	88504.5	9.72385	0.046463	209.281	2.08411e+06	128143	16.264	1.78035e+09	5.21879e+06	341.141	Pass
1541	1.06798e-10	1.24034e-13	861.031	2.89214	0.024607	117.533	643020	77592	8.28719	1.94208e+08	3.34368e+06	58.0822	Pass
2827	2.24281e-09	1.98327e-16	1.13086e+07	0.998017	0.02077	48.0509	189500	80191	2.36311	1.02553e+07	2.01115e+06	5.09924	Pass
332	1.64059e-08	2.00275e-13	81917.1	2.34293	0.037918	61.7894	541469	264334	2.04843	5.23581e+07	1.75998e+07	2.97492	Pass
2656	1.4249e-10	1.83208e-15	77774.7	0.490306	0.019608	25.0054	59860	43844	1.3653	529246	329697	1.60525	Pass
1547	2.33693e-10	1.20683e-13	1936.42	1.34885	0.023861	56.5296	277822	70187	3.95831	3.19396e+07	1.61994e+06	19.7165	Pass
2679	3.61117e-07	6.30824e-15	5.72453e+07	4.18428	0.047354	88.3617	474021	132844	3.56825	6.52888e+07	4.08724e+06	15.9738	Pass
1542	1.40561e-10	2.41838e-14	5812.18	3.17444	0.014745	215.289	558493	42607	13.108	1.11936e+08	421918	265.302	Pass
1546	7.36276e-10	8.53409e-14	8627.47	2.19858	0.025151	87.4153	449065	65849	6.81962	7.90045e+07	1.29632e+06	60.945	Pass
871	1.28431e-11	3.01805e-13	42.5542	1.12615	0.088644	12.7042	247706	356380	0.695061	9.5418e+06	1.20249e+07	0.793502	Pass
2667	4.65677e-10	6.82207e-14	6826.04	5.99171	0.025624	233.832	1.40886e+06	173126	8.1378	8.74022e+08	7.66502e+06	114.027	Pass
1540	3.56063e-10	1.33739e-13	2662.38	2.7738	0.023274	119.18	675514	72643	9.29909	2.2754e+08	2.14168e+06	106.243	Pass
2724	3.8147e-06	2.96687e-14	1.28576e+08	16.8345	0.069748	241.362	3.05545e+06	148025	20.6415	2.75277e+09	5.96686e+06	461.343	Pass
2817	9.789e-12	9.52794e-14	102.74	0.923845	0.013194	70.0201	193791	75395	2.57034	1.58755e+07	2.85314e+06	5.56424	Pass
434	4.73438e-11	2.44206e-13	193.868	1.35278	0.02258	59.9104	300073	146857	2.0433	3.36182e+07	7.66385e+06	4.38659	Pass
1187	4.8761e-13	3.50414e-16	1391.52	1.4456	0.033359	43.3347	271844	156311	1.73912	1.73986e+07	6.55143e+06	2.65569	Pass
384	8.65274e-11	2.51522e-14	3440.15	1.03011	0.02046	50.3475	164819	70202	2.34778	1.2642e+07	2.59915e+06	4.86391	Pass
468	1.80719e-13	2.60209e-18	69451.5	2.91167	0.005472	532.103	289755	33200	8.72756	778711	17823	43.6914	Pass
157	8.38695e-12	3.48966e-14	240.337	0.553938	0.020952	26.4384	91635	61101	1.49973	1.64196e+06	608387	2.69888	Pass
156	1.79563e-12	3.42323e-14	52.4544	0.540959	0.022009	24.579	91400	60269	1.51653	1.56982e+06	573553	2.737	Pass
2725	5.96046e-08	9.96636e-15	5.98058e+06	20.1565	0.049205	409.643	3.80274e+06	148129	25.6718	3.71546e+09	5.60073e+06	663.388	Pass
1545	1.81421e-10	3.85715e-14	4703.5	3.08833	0.025819	119.615	718036	69382	10.349	2.00996e+08	1.31427e+06	152.934	Pass
2350	2.29178e-11	8.488e-15	2700.03	0.50976	0.025973	19.6265	67971	56585	1.20122	659640	455868	1.447	Pass
2680	7.78141e-07	2.6229e-15	2.96672e+08	4.33552	0.060436	71.7374	584652	161557	3.61886	8.62599e+07	5.48442e+06	15.7282	Pass
1444	7.36618e-15	2.54388e-16	28.9565	1.38309	0.025294	54.6805	300809	118315	2.54244	1.55155e+07	2.59779e+06	5.97258	Pass
2726	8.65536e-09	7.10622e-15	1.218e+06	21.6899	0.058682	369.618	4.04573e+06	155802	25.9671	4.16588e+09	5.61765e+06	741.571	Pass
1543	1.22226e-10	6.95569e-13	175.722	2.13602	0.030298	70.5003	515898	84019	6.14025	8.61773e+07	2.5275e+06	34.0959	Pass
370	2.69287e-13	1.31864e-16	2042.15	12.6112	0.01836	686.884	489867	42255	11.5931	3.51057e+07	669456	52.4392	Pass
2668	1.99307e-10	3.11025e-14	6408.07	6.87041	0.033898	202.679	1.62145e+06	196652	8.24529	1.04225e+09	8.41397e+06	123.872	Pass
2670	4.17545e-10	2.32722e-14	17941.8	8.013	0.067439	118.819	1.91845e+06	239858	7.99826	1.47463e+09	1.36988e+07	107.647	Pass
2669	6.26567e-10	2.13742e-14	29314.2	7.63893	0.09165	83.349	1.80574e+06	243645	7.41137	1.28595e+09	1.36351e+07	94.3117	Pass
1866	3.63806e-12	6.10623e-16	5957.95	38.0847	0.039018	976.081	5.14726e+06	38932	132.212	4.00135e+07	139326	287.194	Pass
2728	2.38419e-07	1.15782e-14	2.0592e+07	22.9342	0.066769	343.485	4.39946e+06	160588	27.3959	4.73886e+09	5.60418e+06	845.593	Pass
735	9.00989e-13	7.43257e-15	121.222	0.74023	0.021709	34.0978	134577	93429	1.44042	4.93114e+06	2.46917e+06	1.99709	Pass
2727	7.35575e-08	1.48352e-14	4.95833e+06	23.9232	0.080528	297.08	4.18613e+06	167585	24.9791	4.30492e+09	6.49002e+06	663.314	Pass
1206	7.13632e-12	4.38582e-16	16271.3	1.73879	0.040073	43.3905	387554	226395	1.71185	2.69396e+07	1.05888e+07	2.54416	Pass
2671	4.43183e-10	1.74112e-14	25453.9	8.4127	0.091015	92.432	1.99204e+06	247646	8.04392	1.557e+09	1.41799e+07	109.803	Pass
2278	7.51681e-13	3.46945e-18	216657	2.53225	0.008701	291.03	271130	38060	7.12375	3.44146e+06	18844	182.629	Pass
2729	7.62747e-10	9.79403e-15	77878.7	23.5655	0.043431	542.597	4.27372e+06	164033	26.054	4.19847e+09	5.67562e+06	739.739	Pass
2672	2.32836e-10	3.28547e-14	7086.84	8.56104	0.083333	102.733	2.05929e+06	242269	8.50002	1.62131e+09	1.32335e+07	122.515	Pass
568	2.32903e-10	1.04393e-13	2231.02	2.82004	0.051708	54.5378	499046	138495	3.60335	9.53547e+07	8.26016e+06	11.5439	Pass
363	5.99547e-05	2.13459e-14	2.80873e+09	1.68428	0.052323	32.1901	361824	142578	2.53773	5.34688e+07	1.0032e+07	5.3298	Fail
2733	4.66121e-09	7.11958e-15	654703	18.1847	0.070775	256.937	4.04586e+06	192038	21.068	4.53297e+09	9.35008e+06	484.806	Pass
2681	1.9521e-07	8.8234e-15	2.21241e+07	5.07752	0.087377	58.1105	743937	193242	3.84977	1.32548e+08	7.60826e+06	17.4217	Pass
2683	1.77339e-06	5.32951e-15	3.32749e+08	5.97924	0.077671	76.9816	812891	182899	4.44448	1.70616e+08	5.90042e+06	28.9159	Pass
2682	3.25411e-06	2.836e-15	1.14743e+09	4.35875	0.09372	46.5082	711310	193102	3.6836	1.20766e+08	7.12033e+06	16.9607	Pass
424	8.96492e-13	2.70745e-14	33.112	2.01804	0.019007	106.174	437393	108843	4.01857	1.25532e+08	7.71116e+06	16.2793	Pass
866	1.0678e-11	1.40621e-12	7.59348	1.44849	0.089239	16.2315	329872	466503	0.707117	1.69875e+07	3.16942e+07	0.53598	Pass
2351	2.29178e-11	6.58088e-15	3482.49	0.525656	0.028722	18.3015	76423	65081	1.17428	663326	473432	1.4011	Pass
312	8.00952e-11	1.58398e-13	505.657	3.95792	0.065578	60.3544	930034	437746	2.1246	1.63542e+08	4.46606e+07	3.66188	Pass
2684	5.18482e-07	1.46247e-14	3.54526e+07	5.99839	0.061706	97.2092	794796	200931	3.95557	1.46619e+08	7.87685e+06	18.614	Pass
825	1.78651e-11	9.15635e-15	1951.11	1.96092	0.039566	49.5607	470497	277038	1.69831	5.79282e+07	2.23523e+07	2.5916	Pass
1404	0.000390588	5.3444e-14	7.30837e+09	0.859263	0.032485	26.4511	82779	63680	1.29992	553355	268604	2.06011	Fail
923	7.38233e-10	1.54683e-12	477.255	2.55544	0.053093	48.1315	611968	292165	2.0946	7.0145e+07	1.95475e+07	3.58845	Pass
1185	2.19904e-11	2.62611e-14	837.375	11.6282	0.024104	482.418	912457	48006	19.0071	8.14754e+07	119302	682.934	Pass
2686	2.60229e-06	1.01592e-15	2.56152e+09	5.39436	0.093482	57.7048	842640	225647	3.73433	1.63515e+08	8.71568e+06	18.761	Pass
2687	1.06263e-06	2.85834e-14	3.71765e+07	6.63878	0.090275	73.5396	747084	216733	3.44702	1.258e+08	7.75828e+06	16.215	Pass
420	1.19679e-08	1.36201e-13	87869.1	1.07605	0.016006	67.228	219351	113605	1.93082	1.55966e+07	4.77832e+06	3.26402	Pass
1548	4.16923e-09	9.63245e-12	432.831	3.70379	0.036319	101.979	857586	93820	9.14076	2.31686e+08	2.19145e+06	105.722	Pass
2685	4.43852e-06	5.24017e-15	8.47018e+08	6.34179	0.080588	78.6939	774564	224837	3.445	1.47825e+08	9.57578e+06	15.4374	Pass
2688	1.78064e-07	1.36873e-14	1.30094e+07	7.08125	0.083166	85.1459	823125	218419	3.76856	1.52142e+08	7.71805e+06	19.7125	Pass
918	2.98023e-08	2.64152e-12	11282.2	3.80907	0.083821	45.443	772515	508540	1.51908	5.88991e+07	3.45408e+07	1.7052	Pass
2352	2.52379e-11	4.23447e-15	5960.1	0.588099	0.031416	18.7197	82740	69424	1.19181	720255	479583	1.50184	Pass
2697	1.90735e-06	1.97993e-14	9.63341e+07	10.2437	0.160469	63.8357	1.7984e+06	454913	3.95328	6.05659e+08	2.64592e+07	22.8903	Pass
2348	2.383e-11	4.19456e-15	5681.18	0.576063	0.021636	26.6252	82704	67190	1.2309	706351	432046	1.6349	Pass
1427	2.37135e-16	2.20188e-16	1.07697	0.331475	0.030397	10.9049	50001	50000	1.00002	45000	45000	1	Pass
547	1.7212e-06	5.41038e-13	3.1813e+06	5.17599	0.107468	48.1631	1.13779e+06	690071	1.6488	3.27368e+08	1.39357e+08	2.34912	Pass
1891	2.25566e-06	2.86081e-13	7.8847e+06	10.2632	0.253346	40.5106	2.14442e+06	1.49959e+06	1.43	6.97612e+08	4.07591e+08	1.71155	Pass
865	1.42177e-10	3.99205e-13	356.152	1.94979	0.112149	17.3858	445274	500359	0.889909	3.47951e+07	2.78914e+07	1.24752	Pass
466	9.09495e-12	4.94396e-17	183961	5.42843	0.017592	308.574	41499	36538	1.13578	191989	137232	1.39901	Pass
1190	0	5.86011e-17	0	1.32161	0.548501	2.40949	38524	47605	0.809243	54018	66986	0.806407	Pass
372	1.21056e-15	1.21743e-13	0.00994352	14.3946	0.040721	353.493	287159	70398	4.07908	2.48981e+07	318035	78.2874	Pass
2340	2.433e-11	1.4898e-14	1633.1	0.594182	0.030519	19.4692	89882	71246	1.26157	730042	425250	1.71674	Pass
421	2.19652e-10	1.05828e-14	20755.6	1.2488	0.030479	40.9724	277570	156797	1.77025	1.80463e+07	6.1039e+06	2.95653	Pass
2346	2.10774e-11	9.65684e-15	2182.64	0.664834	0.047672	13.946	89621	70485	1.27149	723074	408441	1.77033	Pass
2341	2.07932e-11	8.96376e-15	2319.7	0.595277	0.030268	19.6669	90050	71428	1.26071	729953	425711	1.71467	Pass
1197	9.67549e-10	6.7394e-16	1.43566e+06	196.317	0.022395	8766.1	5.20371e+07	51258	1015.2	2.50075e+11	67408	3.70986e+06	Pass
2353	2.52379e-11	1.89163e-14	1334.19	0.637182	0.045971	13.8605	89854	75915	1.18361	737637	491698	1.50018	Pass
1250	6.59333e-11	6.2869e-13	104.874	4.10909	0.119648	34.3432	981020	625738	1.56778	1.84467e+08	7.91636e+07	2.3302	Pass
437	5.4727e-11	1.23734e-14	4422.96	1.25691	0.017713	70.9596	261345	139646	1.87148	1.96423e+07	6.16844e+06	3.18432	Pass
1544	5.72791e-10	3.23389e-14	17712.1	4.87272	0.057549	84.6708	931376	239457	3.88953	3.06553e+08	2.66084e+07	11.5209	Pass
1612	1.3321e-07	4.35521e-15	3.05865e+07	3.14792	0.063934	49.2371	731062	399242	1.83112	6.61102e+07	2.31155e+07	2.86	Pass
2564	3.04637e-06	4.18383e-12	728130	0.996526	0.028616	34.8241	184014	122534	1.50174	3.03139e+06	1.46669e+06	2.06683	Pass
2104	1.8e-10	3.49912e-12	51.4417	70.9023	2.97301	23.8486	1.44102e+07	1.62873e+07	0.884752	2.746e+10	3.42562e+10	0.801609	Pass
2698	0.00390625	6.78347e-14	5.75848e+10	14.4606	0.12809	112.894	2.59317e+06	445923	5.8153	1.05509e+09	2.77557e+07	38.0136	Fail
902	1.67553e-12	5.46449e-15	306.622	58.7108	0.167164	351.217	4.32882e+06	466636	9.27665	2.62804e+09	7.34229e+07	35.7932	Pass
432	2.72957e-09	4.50512e-13	6058.82	1.56307	0.05997	26.0643	335401	215181	1.55869	2.16184e+07	9.57193e+06	2.25852	Pass
1243	4.57764e-05	6.1916e-13	7.3933e+07	3.32825	0.118237	28.149	751552	599839	1.25292	9.01717e+07	6.00527e+07	1.50154	Fail
2245	8.3188e-13	7.5977e-17	10949.1	1.43504	0.026867	53.4127	78748	57726	1.36417	279750	94134	2.97183	Pass
1551	2.32771e-10	8.19367e-14	2840.87	23.2825	0.064842	359.065	5.08466e+06	71449	71.1649	6.19174e+09	686071	9024.93	Pass
438	0.0161596	4.75825e-16	3.39612e+13	1.67676	0.029594	56.6588	346240	114942	3.0123	4.54898e+07	4.99997e+06	9.09802	Fail
2818	2.61529e-10	3.87922e-14	6741.8	1.76761	0.020631	85.6772	407028	144239	2.8219	4.20052e+07	6.35659e+06	6.60814	Pass
1552	2.97269e-08	3.19277e-13	93107	14.85	0.038136	389.395	2.69411e+06	103039	26.1465	1.33471e+09	2.0266e+06	658.598	Pass
77	3.47524e-10	9.10041e-16	381877	0.867351	0.019449	44.5962	162375	110274	1.47247	1.07094e+07	5.18735e+06	2.06452	Pass
580	7.53862e-08	1.29758e-12	58097.4	9.35202	0.309643	30.2026	1.8386e+06	1.4306e+06	1.2852	6.27685e+08	5.69015e+08	1.10311	Pass
454	8.95649e-13	4.62571e-15	193.624	0.94368	0.024195	39.0031	104305	77575	1.34457	1.74719e+06	1.04977e+06	1.66436	Pass
840	1.01172e-12	2.94941e-15	343.024	0.960675	0.018408	52.1879	208712	107509	1.94134	6.76281e+06	1.8833e+06	3.59094	Pass
2425	1.18779e-08	8.26779e-12	1436.65	4.28936	0.134733	31.836	977770	675643	1.44717	1.04605e+08	5.57875e+07	1.87506	Pass
2424	5.07052e-10	1.34899e-12	375.875	3.74962	0.109457	34.2565	1.03002e+06	679670	1.51547	1.10646e+08	4.87062e+07	2.27171	Pass
465	4.69053e-09	6.67825e-15	702358	3.20539	0.015916	201.394	499685	80406	6.21452	1.02584e+08	1.03125e+06	99.4756	Pass
2415	2.15658e-11	3.74145e-13	57.6403	3.21751	0.129503	24.8451	682164	475197	1.43554	6.68833e+07	3.32597e+07	2.01094	Pass
2414	6.53226e-11	8.12237e-13	80.4231	4.37992	0.139398	31.4203	1.11758e+06	602160	1.85595	1.29405e+08	5.12368e+07	2.52563	Pass
1245	1.99432e-10	1.71271e-12	116.442	9.67507	0.383066	25.2569	2.30732e+06	2.14472e+06	1.07581	5.67155e+08	5.6303e+08	1.00733	Pass
1868	1.89784e-11	4.97042e-16	38182.6	8.54502	0.042248	202.259	2.19447e+06	124484	17.6286	7.34894e+08	3.75447e+06	195.738	Pass
756	5.83749e-12	3.01651e-14	193.518	1.7285	0.100808	17.1465	305001	187328	1.62817	9.51678e+06	3.12071e+06	3.04955	Pass
841	3.56043e-13	2.23378e-15	159.39	1.2015	0.025729	46.6984	233529	128698	1.81455	1.12397e+07	3.62889e+06	3.09727	Pass
2354	7.276e-11	1.00267e-15	72566.3	0.862418	0.044026	19.5888	115037	95244	1.20781	907255	648514	1.39898	Pass
1554	7.43631e-09	3.26928e-14	227460	8.42479	0.06921	121.728	1.56223e+06	282066	5.53853	5.70997e+08	2.16448e+07	26.3804	Pass
2850	2.8366e-12	2.96675e-14	95.6129	1.11947	0.021607	51.8108	262634	86357	3.04126	6.31045e+07	5.49234e+06	11.4895	Pass
919	5.96173e-08	1.86179e-13	320215	6.48195	0.171289	37.8422	1.26836e+06	916610	1.38375	1.10292e+08	6.87841e+07	1.60345	Pass
453	2.04124e-15	8.41e-15	0.242715	1.81274	0.05989	30.2679	294630	211803	1.39106	6.18166e+06	4.36599e+06	1.41587	Pass
1191	0	8.8227e-18	0	2.13945	0.587958	3.63879	52587	66229	0.794018	74051	94353	0.784829	Pass
1553	8.52821e-11	2.81029e-14	3034.64	6.13716	0.04672	131.361	1.29984e+06	154535	8.41129	3.22273e+08	4.26519e+06	75.5589	Pass
1549	8.37098e-12	3.06366e-13	27.3235	23.319	0.03196	729.631	5.74084e+06	79210	72.4762	8.21833e+09	1.19893e+06	6854.71	Pass
1555	5.2737e-10	5.9426e-14	8874.4	12.9163	0.066194	195.128	2.59213e+06	159337	16.2682	9.69327e+08	9.01343e+06	107.543	Pass
377	5.38561e-14	2.69303e-16	199.984	1.57529	0.040809	38.6014	328859	293958	1.11873	1.82578e+07	1.68765e+07	1.08184	Pass
412	1.43668e-06	1.4521e-13	9.89383e+06	4.23412	0.067078	63.1224	941901	564699	1.66797	1.75871e+08	5.96292e+07	2.94941	Pass
1432	3.98e-06	3.98751e-16	9.98117e+09	4.18835	0.076351	54.8565	1.01574e+06	580843	1.74873	9.80665e+07	3.82861e+07	2.56141	Pass
1212	4.67237e-11	7.11143e-17	657023	0.767501	0.033318	23.0356	93798	78072	1.20143	369050	209231	1.76384	Pass
433	5.73239e-14	2.94504e-16	194.646	1.46751	0.043671	33.6038	282764	192581	1.46829	2.76402e+07	1.34297e+07	2.05814	Pass
1622	9.01097e-13	4.33268e-15	207.977	0.857259	0.031331	27.3614	135971	226838	0.599419	2.60345e+06	9.50776e+06	0.273823	Pass
417	7.37765e-13	8.42747e-14	8.75428	2.1683	0.058482	37.0763	494353	266593	1.85434	5.57753e+07	1.8063e+07	3.08781	Pass
2430	2.71683e-12	2.23952e-14	121.313	2.60061	0.124498	20.8888	323806	283041	1.14403	1.37475e+07	1.20008e+07	1.14555	Pass
2197	1.16935e-10	7.9554e-13	146.988	21.8527	0.912586	23.946	5.4203e+06	4.65627e+06	1.16409	7.60949e+09	5.53172e+09	1.37561	Pass
414	0.000167172	4.83001e-15	3.46112e+10	2.62044	0.062639	41.834	562365	347375	1.6189	4.73583e+07	1.8038e+07	2.62548	Fail
2279	4.6974e-13	2.08167e-17	22565.6	5.95425	0.013522	440.338	654733	73430	8.91642	1.54022e+06	28350	54.3286	Pass
1242	0.0574265	3.4574e-13	1.66097e+11	33.9843	1.39236	24.4076	8.47845e+06	8.49294e+06	0.998294	6.36969e+09	8.29119e+09	0.768248	Fail
1556	5.24875e-10	3.73016e-13	1407.11	8.68481	0.094512	91.8911	2.19223e+06	313105	7.00158	1.33437e+09	3.8455e+07	34.6994	Pass
2699	0.445828	4.79732e-14	9.29329e+12	60.3109	0.307017	196.442	1.0604e+07	1.05297e+06	10.0706	1.72944e+10	9.7978e+07	176.513	Fail
389	3.34426e-10	2.33249e-14	14337.7	2.26248	0.031128	72.6832	540403	215132	2.51196	6.27508e+07	1.07249e+07	5.85097	Pass
1557	2.57308e-10	4.02237e-14	6396.92	11.7217	0.065911	177.841	2.6601e+06	195342	13.6176	1.36798e+09	5.8421e+06	234.16	Pass
425	6.79315e-10	8.85015e-14	7675.75	1.93092	0.031888	60.5533	434696	229694	1.8925	3.61042e+07	1.1709e+07	3.08345	Pass
1550	3.62969e-09	2.11953e-13	17125	6.25896	0.058314	107.332	1.44985e+06	221373	6.54934	5.53763e+08	1.4321e+07	38.6679	Pass
410	4.34534e-10	6.02955e-13	720.675	4.09837	0.068111	60.172	970634	408800	2.37435	1.37704e+08	2.34113e+07	5.88195	Pass
2707	3.39349e-11	7.47985e-14	453.684	60.5997	0.047153	1285.17	1.17648e+07	268536	43.811	1.58655e+10	6.12326e+06	2591.03	Pass
2700	6.10352e-05	5.69317e-14	1.07208e+09	76.3244	0.233724	326.558	1.34439e+07	697198	19.2827	2.34228e+10	3.40322e+07	688.253	Fail
1559	9.05181e-09	4.62102e-14	195883	22.4967	0.075913	296.348	4.6017e+06	118681	38.7737	2.09702e+09	1.54079e+06	1361	Pass
2701	2.36495e-09	1.54069e-13	15350	77.8936	0.204749	380.435	1.70955e+07	769208	22.2248	3.25299e+10	3.68463e+07	882.854	Pass
736	3.52814e-12	4.37405e-14	80.6608	1.79444	0.049917	35.9486	348190	245782	1.41666	1.95211e+07	9.25082e+06	2.1102	Pass
570	1.1116e-12	3.159e-13	3.51884	7.61093	0.131421	57.9126	1.33318e+06	437595	3.0466	3.35374e+08	5.9542e+07	5.63255	Pass
1192	4.33681e-18	5.32072e-17	0.0815079	2.55718	1.74945	1.46171	68874	84792	0.81227	97383	115756	0.841278	Pass
826	2.17119e-09	1.90496e-13	11397.6	4.92039	0.093657	52.5363	1.17082e+06	619116	1.89112	1.972e+08	5.99217e+07	3.29096	Pass
2702	1.13393e-10	1.00676e-13	1126.32	84.8094	0.236717	358.273	1.51412e+07	767494	19.7281	2.7342e+10	4.16228e+07	656.899	Pass
1563	3.87968e-10	1.4985e-13	2589.04	10.0838	0.106782	94.4333	2.32954e+06	397894	5.85468	1.19091e+09	4.22368e+07	28.196	Pass
2703	5.35104e-05	4.66012e-14	1.14826e+09	81.4969	0.319103	255.394	1.42837e+07	998025	14.3119	2.58068e+10	6.65943e+07	387.523	Fail
2704	3.81474e-06	1.78983e-13	2.13134e+07	87.8648	0.20598	426.569	1.64282e+07	822588	19.9713	3.20077e+10	3.8914e+07	822.523	Pass
1916	1.56808e-08	4.22154e-16	3.71447e+07	4.97255	0.079271	62.7285	1.23522e+06	612051	2.01816	1.55383e+08	4.28636e+07	3.62505	Pass
1249	3.33752e-09	3.48674e-12	957.204	11.4873	0.292985	39.2079	2.66175e+06	1.59292e+06	1.67099	7.84053e+08	3.08194e+08	2.54402	Pass
444	2.7934e-10	9.5965e-14	2910.85	3.36353	0.07426	45.2939	839019	390736	2.14728	1.55007e+08	2.71072e+07	5.71831	Pass
2413	7.57176e-10	6.7021e-12	112.976	6.05766	0.262125	23.1098	1.38978e+06	948968	1.46452	1.34121e+08	6.69744e+07	2.00257	Pass
224	6.47082e-12	1.53161e-14	422.485	8.82551	0.029336	300.842	1.29383e+06	110764	11.681	5.7147e+08	4.33238e+06	131.907	Pass
2693	2.56807e-10	5.35249e-15	47978.9	244.71	0.075519	3240.38	4.72801e+07	224238	210.848	1.78156e+11	2.44039e+06	73003.2	Pass
1380	2.73448e-13	2.75631e-16	992.079	1.09218	0.064146	17.0265	85301	70433	1.21109	730162	568515	1.28433	Pass
423	2.45355e-11	2.51972e-13	97.3738	3.18335	0.05641	56.4323	570107	376494	1.51425	7.18519e+07	3.8655e+07	1.8588	Pass
839	3.01623e-12	1.09507e-14	275.438	1.72103	0.030665	56.1237	363272	198128	1.83352	1.55207e+07	4.92504e+06	3.15138	Pass
461	3.15777e-15	7.57123e-14	0.0417075	2.09004	0.090071	23.2044	325764	229370	1.42026	8.55417e+06	4.89424e+06	1.7478	Pass
288	1.52581e-10	5.33085e-16	286223	5.7672	0.121062	47.6384	1.37456e+06	825003	1.66612	1.59151e+08	6.15837e+07	2.58431	Pass
1303	2.68119e-14	1.63996e-15	16.3491	0.607865	0.036325	16.7341	98896	95977	1.03041	361317	341899	1.05679	Pass
864	2.25278e-06	2.85387e-16	7.89378e+09	2.08776	0.033813	61.7442	472435	213563	2.21216	8.29226e+07	1.67322e+07	4.95586	Pass
2819	1.58831e-10	1.91135e-14	8309.89	3.35729	0.050044	67.0868	805371	320421	2.51348	9.75939e+07	1.83707e+07	5.31247	Pass
1183	6.62469e-11	1.12996e-16	586278	51.2946	0.091045	563.398	7.36917e+06	361529	20.3834	5.94608e+09	2.36743e+07	251.161	Pass
1376	1.10775e-08	1.86468e-12	5940.69	14.1923	0.101577	139.719	1.37142e+06	222984	6.15033	1.32528e+08	4.41381e+06	30.0257	Pass
1441	2.39978e-10	4.37611e-16	548381	0.851628	0.018331	46.4583	180050	134859	1.3351	8.09017e+06	5.01736e+06	1.61244	Pass
1262	5.59015e-11	5.54767e-12	10.0766	5.24568	0.321392	16.3217	1.12125e+06	1.322e+06	0.848144	8.28803e+07	1.17303e+08	0.70655	Pass
1560	2.13268e-08	2.13861e-12	9972.27	18.4693	0.158389	116.607	4.20951e+06	623978	6.74625	2.93276e+09	6.03311e+07	48.6111	Pass
1624	1.862e-12	6.15961e-15	302.292	1.12535	0.057082	19.7146	204985	358753	0.571382	3.93586e+06	1.58715e+07	0.247984	Pass
2565	0.000147539	9.0029e-05	1.63879	2.0346	0.05461	37.257	402172	241130	1.66786	7.33837e+06	2.81863e+06	2.60352	Pass
763	2.54241e-14	5.37073e-16	47.3383	3.00091	0.169512	17.7033	227900	200697	1.13554	2.25706e+06	3.0725e+06	0.7346	Pass
365	1.37668e-14	3.00134e-16	45.8687	3.17992	0.291199	10.9201	98172	100687	0.975022	966989	1.57226e+06	0.615029	Pass
1193	0	6.96871e-17	0	3.1643	1.87206	1.69027	87500	108966	0.803003	124287	151925	0.818081	Pass
439	0.000457411	6.35676e-16	7.19566e+11	3.35168	0.060118	55.7517	807844	233187	3.46436	1.13527e+08	1.06688e+07	10.641	Fail
867	1.55789e-10	2.1509e-12	72.4294	4.94895	0.383459	12.9061	1.19574e+06	1.98347e+06	0.602851	1.03358e+08	2.15273e+08	0.480126	Pass
1561	9.53732e-09	7.64603e-14	124735	26.9583	0.063207	426.508	6.05396e+06	197445	30.6615	4.63401e+09	4.23003e+06	1095.5	Pass
2569	1.03102	3.40294e-15	3.0298e+14	17.9896	0.36874	48.7867	4.41399e+06	2.32956e+06	1.89478	1.48394e+09	5.55895e+08	2.66947	Fail
582	2.023e-07	7.18187e-12	28168.1	21.813	1.14297	19.0845	4.66591e+06	5.34168e+06	0.873491	1.96105e+09	4.20105e+09	0.466801	Pass
549	2.67123e-06	1.2742e-12	2.0964e+06	15.6629	0.630179	24.8548	3.49092e+06	2.61062e+06	1.3372	1.51901e+09	1.16083e+09	1.30856	Pass
428	6.47617e-11	1.81052e-13	357.697	3.03301	0.078586	38.5948	671902	471422	1.42527	6.16535e+07	3.84881e+07	1.60188	Pass
1426	2.74826e-07	5.43325e-12	50582.2	70.5531	3.02564	23.3184	1.7102e+07	1.66344e+07	1.02811	1.65162e+10	2.01303e+10	0.820467	Pass
1562	1.53871e-09	8.12785e-14	18931.3	33.0958	0.135069	245.029	5.65541e+06	237025	23.86	1.96154e+09	9.38673e+06	208.97	Pass
543	2.50546e-13	4.44296e-16	563.917	51.8193	0.120988	428.302	5.44452e+06	119272	45.648	7.36784e+09	1.44676e+06	5092.64	Pass
572	9.68534e-13	2.33101e-13	4.155	10.9968	0.269124	40.8615	1.92662e+06	848500	2.27061	5.24573e+08	1.42963e+08	3.66929	Pass
1218	5.96046e-08	1.11512e-11	5345.13	25.7658	0.937064	27.4963	4.61456e+06	5.23818e+06	0.880948	1.84596e+09	2.55761e+09	0.721752	Pass
1194	1.35525e-18	8.60924e-17	0.0157418	4.06	4.44848	0.912672	107975	133323	0.809875	153351	198166	0.773851	Pass
1565	1.33013e-09	1.01942e-13	13048	80.8137	0.120093	672.926	1.49388e+07	255601	58.446	1.50588e+10	7.42216e+06	2028.9	Pass
1558	5.44744e-10	2.07091e-13	2630.46	17.6678	0.110907	159.303	4.09047e+06	415684	9.84033	3.49161e+09	5.32819e+07	65.5309	Pass
2828	1.88069e-09	3.61727e-16	5.19921e+06	3.17608	0.094268	33.692	653635	270799	2.41373	3.03218e+07	4.48401e+06	6.76222	Pass
819	2.05035	0	Inf	6.57102	0.013248	496.001	1.36603e+06	130371	10.478	3.99568e+08	0	Inf	Fail
395	6.86716e-10	5.38292e-14	12757.3	5.1195	0.059385	86.2086	1.2218e+06	481806	2.53588	1.77593e+08	3.05699e+07	5.80939	Pass
1443	9.342e-14	5.43952e-16	171.743	7.20115	0.12524	57.4988	1.78851e+06	642171	2.7851	1.65941e+08	2.74732e+07	6.04012	Pass
1247	9.67302e-10	1.06562e-09	0.90774	11.731	0.330419	35.5033	2.98626e+06	1.91333e+06	1.56076	5.78879e+08	2.91078e+08	1.98874	Pass
901	1.40689e-11	1.89561e-14	742.185	307.249	0.149091	2060.81	2.08377e+07	637364	32.6936	1.43541e+10	6.32424e+07	226.97	Pass
2214	2.04019e-11	6.24425e-14	326.732	201.268	0.730455	275.538	4.50621e+07	5.69391e+06	7.91408	1.68023e+11	1.49286e+08	1125.51	Pass
2694	3.21305e-09	7.66938e-15	418945	634.261	0.211337	3001.18	1.23808e+08	467026	265.099	7.55242e+11	8.15604e+06	92599.1	Pass
1272	1.97677e-10	5.00193e-11	3.95201	90.1307	4.01973	22.4221	2.21697e+07	7.88462e+06	2.81177	3.51428e+10	3.78211e+09	9.29185	Pass
1295	1.09587e-11	8.32667e-17	131610	718.378	0.242373	2963.94	1.89364e+08	160009	1183.46	1.17697e+12	300005	3.92318e+06	Pass
2695	1.85042e-09	2.151e-14	86025.9	612.249	0.206585	2963.67	1.08759e+08	473456	229.713	5.20353e+11	7.90979e+06	65785.9	Pass
738	2.76061e-12	2.07285e-13	13.3179	3.34185	0.094578	35.3343	632185	496160	1.27416	3.27221e+07	1.86475e+07	1.75477	Pass
1568	4.02539e-09	4.30094e-13	9359.33	28.1301	0.202897	138.642	6.07946e+06	684631	8.87991	5.56194e+09	9.16779e+07	60.6683	Pass
551	4.79238e-07	1.19883e-11	39975.6	24.8474	0.875436	28.3829	5.48541e+06	4.19729e+06	1.30689	2.80442e+09	2.82969e+09	0.991069	Pass
2537	6.93121e-09	5.81405e-15	1.19215e+06	1.82697	0.107605	16.9785	333722	246296	1.35496	5.55754e+06	3.47999e+06	1.597	Pass
455	7.41551e-12	1.15759e-10	0.06406	3.13662	0.072957	42.9927	466013	303683	1.53454	1.81355e+07	8.43902e+06	2.149	Pass
1874	9.08722e-09	1.86483e-15	4.87296e+06	2.34652	0.092276	25.4294	432420	221213	1.95477	1.04884e+07	1.3257e+06	7.91164	Pass
2708	1.15465e-10	1.71892e-14	6717.28	141.269	0.118236	1194.81	3.32655e+07	676131	49.1997	1.058e+11	2.08344e+07	5078.14	Pass
1567	2.9394e-10	3.57417e-13	822.401	36.4536	0.270166	134.93	7.81251e+06	769287	10.1555	1.05346e+10	1.61616e+08	65.1834	Pass
834	5.92872e-11	2.83218e-15	20933.4	46.8612	1.08595	43.1525	1.05668e+07	6.94946e+06	1.52053	4.35859e+09	3.64651e+09	1.19528	Pass
818	0.0207979	0	Inf	4.45692	0.038217	116.621	879733	167178	5.26225	8.21904e+07	0	Inf	Fail
584	2.05759e-07	6.5026e-12	31642.6	36.4581	1.74125	20.9378	7.45323e+06	9.50112e+06	0.784458	3.35293e+09	8.66662e+09	0.386878	Pass
574	9.21415e-13	3.39885e-13	2.71096	15.5746	0.333405	46.7139	2.78992e+06	1.05157e+06	2.6531	7.93577e+08	1.79148e+08	4.42972	Pass
1365	7.23947e-09	2.6507e-14	273116	62.4104	2.49812	24.983	1.29217e+07	1.16738e+07	1.1069	2.10261e+10	2.12913e+10	0.987543	Pass
1299	3.54425e-09	5.26649e-10	6.72981	89.7858	5.76176	15.5831	2.0261e+07	3.15267e+07	0.642662	2.20566e+10	5.10646e+10	0.431935	Pass
364	7.46677e-14	8.06321e-16	92.6029	2.79937	0.285541	9.80374	100121	46093	2.17215	866603	622801	1.39146	Pass
1564	1.52085e-08	1.91054e-14	796034	58.2073	0.11833	491.907	7.66272e+06	245324	31.2351	3.98276e+09	4.77414e+06	834.235	Pass
289	4.6513e-09	2.46557e-15	1.8865e+06	13.8364	0.353673	39.1221	3.362e+06	1.90537e+06	1.76449	7.37969e+08	2.77655e+08	2.65787	Pass
1204	4.09476e-10	5.597e-16	731599	9.37767	0.124686	75.2103	2.4362e+06	971065	2.50879	3.81589e+08	7.98736e+07	4.77742	Pass
832	2.58459e-08	2.29054e-15	1.12838e+07	79.6986	1.67572	47.5609	1.88827e+07	1.07318e+07	1.7595	1.75746e+10	9.62535e+09	1.82587	Pass
833	2.38157e-10	4.66636e-15	51037	72.2818	1.69435	42.6604	1.77049e+07	1.05378e+07	1.68013	1.56367e+10	9.07319e+09	1.72339	Pass
1298	9.84927e-10	1.67956e-13	5864.18	1025.06	0.311971	3285.75	2.04069e+08	351191	581.076	1.74107e+12	2.02689e+06	858984	Pass
2820	9.13858e-10	3.18208e-13	2871.89	7.21564	0.100645	71.694	1.90572e+06	753679	2.52855	3.10588e+08	5.88363e+07	5.27884	Pass
1862	3.80399e-10	5.17397e-10	0.735218	50.8058	2.1809	23.2958	1.33603e+07	1.39257e+07	0.959399	9.25732e+09	1.32477e+10	0.698786	Pass
1111	1.31617e-12	4.61996e-17	28488.8	1121.13	0.174292	6432.49	4.84343e+07	357833	135.355	7.64167e+10	1.49732e+06	51035.7	Pass
1109	9.58414e-15	1.8822e-14	0.509198	941.281	0.205923	4571.04	1.94145e+07	429530	45.1994	1.51736e+10	1.09503e+07	1385.69	Pass
1569	1.57554e-09	9.21298e-13	1710.13	59.7833	0.282608	211.541	1.0751e+07	865461	12.4223	1.11431e+10	1.59052e+08	70.0597	Pass
1941	3.68514e-11	2.83823e-15	12983.9	3.08945	0.148447	20.8118	404950	344649	1.17496	7.58176e+07	4.71768e+07	1.6071	Pass
764	6.84786e-13	1.03508e-14	66.1577	4.95507	0.517186	9.58083	262048	367149	0.713737	2.88844e+06	1.10825e+07	0.26063	Pass
1371	1.18058e-08	5.12138e-15	2.30519e+06	77.659	0.236844	327.891	4.18374e+06	378942	11.0406	8.53717e+08	4.558e+06	187.301	Pass
2709	1.95461e-10	9.89024e-15	19763.1	230.066	0.146143	1574.25	4.67927e+07	853060	54.8528	1.60981e+11	2.77966e+07	5791.4	Pass
1366	1.42123e-08	1.02355e-14	1.38853e+06	61.3281	2.78166	22.0473	1.64503e+07	1.50474e+07	1.09323	2.96136e+10	3.08768e+10	0.959091	Pass
1854	5.97906e-05	7.08721e-16	8.4364e+10	19.66	0.323624	60.7496	4.74957e+06	2.06402e+06	2.30113	8.88955e+08	2.19751e+08	4.04527	Fail
1571	0.159896	1.51201e-13	1.05751e+12	23.1198	0.270054	85.6117	5.05307e+06	705562	7.16177	1.81196e+09	5.63524e+07	32.1541	Fail
1570	4.49062e-09	1.94156e-13	23128.9	52.0196	0.399741	130.133	1.09756e+07	1.53006e+06	7.17328	1.19644e+10	4.03383e+08	29.6603	Pass
552	2.05086e-07	6.79641e-12	30175.6	34.2084	1.1263	30.3725	7.02766e+06	5.77533e+06	1.21684	4.00655e+09	4.22434e+09	0.948444	Pass
2232	1.57807e-11	2.11089e-14	747.584	3.93265	0.079856	49.2467	747037	243559	3.06717	4.84159e+07	4.87734e+06	9.9267	Pass
2566	0.0001272	7.8112e-10	162843	4.24603	0.11886	35.723	807651	473365	1.70619	1.48267e+07	5.41838e+06	2.73638	Fail
1240	1.831e-08	5.18933e-12	3528.4	12.8586	0.417644	30.7884	3.06148e+06	1.75973e+06	1.73975	4.29239e+08	1.58501e+08	2.70812	Pass
2710	1.62584e-09	9.71242e-15	167398	226.667	0.157459	1439.53	5.57764e+07	857225	65.0663	2.17106e+11	2.64965e+07	8193.76	Pass
1907	5.44962e-13	3.08087e-15	176.886	3.22326	0.179963	17.9107	185747	205495	0.9039	6.31076e+06	1.00641e+07	0.627059	Pass
1255	1.0424e-09	2.9378e-12	354.823	47.3614	0.901732	52.5227	1.2615e+07	5.25658e+06	2.39985	8.02216e+09	2.83274e+09	2.83194	Pass
1566	1.362e-09	5.4291e-12	250.87	60.0055	0.330043	181.811	1.38511e+07	1.20606e+06	11.4845	2.09321e+10	4.78436e+08	43.7512	Pass
2711	3.0042e-10	4.94825e-15	60712.4	220.756	0.174473	1265.27	5.34816e+07	912434	58.6142	2.15168e+11	2.96191e+07	7264.52	Pass
576	1.11757e-12	2.79407e-13	3.9998	21.5914	0.489738	44.0876	3.654e+06	1.54922e+06	2.35861	1.12713e+09	2.90829e+08	3.87557	Pass
2712	1.02148e-09	8.55734e-15	119369	262.77	0.159634	1646.08	6.18595e+07	912846	67.7656	2.55581e+11	2.93231e+07	8716.02	Pass
2269	232.23	1.90232e-12	1.22077e+14	15.9321	0.652453	24.4187	3.84501e+06	3.58725e+06	1.07186	6.88266e+08	9.68431e+08	0.710702	Fail
2713	3.5874e-10	1.98112e-14	18108	263.749	0.167097	1578.42	6.17175e+07	945031	65.3074	2.61126e+11	3.03905e+07	8592.35	Pass
2714	4.44359e-10	1.76765e-14	25138.3	254.022	0.169196	1501.35	6.26458e+07	960465	65.2244	2.71745e+11	3.08926e+07	8796.43	Pass
2715	3.43154e-10	4.8494e-15	70762.2	274.46	0.168249	1631.27	6.45912e+07	949635	68.0169	2.79021e+11	3.00065e+07	9298.69	Pass
2716	2.52236e-10	1.18224e-14	21335.4	268.53	0.174768	1536.49	6.41108e+07	961422	66.6833	2.78481e+11	3.06067e+07	9098.71	Pass
2717	2.33508e-10	6.18811e-15	37735	270.358	0.170102	1589.39	6.47412e+07	964529	67.1221	2.78545e+11	3.07739e+07	9051.34	Pass
284	2.06974e-08	9.37089e-14	220869	7.31475	0.171781	42.5818	1.52197e+06	903384	1.68474	2.7379e+08	8.70398e+07	3.14557	Pass
586	1.5339e-07	8.62586e-12	17782.5	50.6347	3.11429	16.2588	1.06885e+07	1.60922e+07	0.664206	5.10627e+09	1.94577e+10	0.262429	Pass
431	1.01071e-06	5.87428e-16	1.72057e+09	8.04154	0.236223	34.0421	1.81599e+06	1.07906e+06	1.68293	1.30052e+08	4.67508e+07	2.78181	Pass
1309	8.23373e-14	9.74277e-14	0.845112	1.61033	0.085065	18.9306	253839	229953	1.10387	923936	779836	1.18478	Pass
740	2.07367e-12	5.58438e-14	37.1334	4.55026	0.168175	27.0567	865064	739810	1.16931	4.05778e+07	2.93401e+07	1.38301	Pass
2814	4.76635e-09	2.00103e-13	23819.4	11.5034	0.244756	46.9994	2.50144e+06	1.46864e+06	1.70323	6.28402e+08	2.04475e+08	3.07324	Pass
742	1.41431e-11	5.1358e-13	27.5382	5.39894	0.19827	27.2303	1.02726e+06	809820	1.26851	5.78126e+07	3.41293e+07	1.69393	Pass
969	0.319488	3.04144e-13	1.05045e+12	8.44638	0.188472	44.815	1.90866e+06	1.08263e+06	1.76299	2.78982e+08	9.82616e+07	2.83917	Fail
808	7.49363e-11	3.98504e-11	1.88044	18.6205	2.05582	9.05747	4.95399e+06	7.54222e+06	0.656835	3.17311e+09	8.70565e+09	0.364488	Pass
2829	4.66914e-08	2.30824e-16	2.02282e+08	6.08036	0.244114	24.9079	1.13797e+06	542881	2.09616	4.73381e+07	9.15208e+06	5.17239	Pass
1348	7.55386e-08	3.45385e-15	2.18708e+07	113.374	5.00031	22.6735	2.74711e+07	2.57859e+07	1.06535	5.88818e+10	6.07151e+10	0.969804	Pass
1375	8.41721e-09	3.25881e-15	2.58291e+06	82.8649	0.420446	197.088	5.05344e+06	636181	7.9434	7.75769e+08	1.45146e+07	53.4475	Pass
2242	4.62141e-12	1.01783e-14	454.045	4.7899	0.084028	57.0036	416103	284890	1.46057	4.64803e+06	1.99136e+06	2.33409	Pass
886	1.85791e-10	2.67471e-11	6.94622	35.9184	5.18057	6.93329	8.9452e+06	2.049e+07	0.436563	3.60578e+09	1.36628e+10	0.263912	Pass
1293	5.45662e-10	1.38917e-14	39279.8	708.688	0.755734	937.747	1.05378e+08	405046	260.162	5.07983e+11	1.34008e+06	379070	Pass
1319	3.16876e-05	3.20494e-16	9.88711e+10	14.0718	0.278394	50.5464	3.88581e+06	2.21685e+06	1.75285	8.37673e+08	3.12208e+08	2.68306	Fail
415	8.70114e-05	3.61205e-16	2.40892e+11	5.94811	0.082523	72.0782	1.34002e+06	589235	2.27417	9.75247e+07	2.11349e+07	4.61439	Fail
578	1.30506e-12	2.6699e-12	0.488807	23.8694	0.638153	37.4038	4.22811e+06	2.09103e+06	2.02203	1.39162e+09	5.04023e+08	2.76103	Pass
452	5.58364e-17	7.27196e-15	0.00767831	7.2832	0.24559	29.656	1.35106e+06	847255	1.59463	3.67549e+07	1.57107e+07	2.33948	Pass
1428	2.8255e-10	1.06026e-15	266490	64.5992	1.77783	36.336	1.59009e+07	1.22036e+07	1.30296	1.11273e+10	9.89308e+09	1.12476	Pass
588	8.59724e-08	6.57863e-12	13068.4	60.8145	3.39819	17.8961	1.35651e+07	1.89523e+07	0.71575	6.56845e+09	2.06802e+10	0.317621	Pass
1908	4.50855e-14	2.77285e-16	162.596	5.39951	0.226264	23.8638	177610	93846	1.89257	2.76236e+06	2.27171e+06	1.21598	Pass
554	6.06181e-07	1.91972e-11	31576.5	51.0529	1.94722	26.2184	1.11219e+07	9.91817e+06	1.12136	7.26647e+09	9.94352e+09	0.730774	Pass
814	7.65879e-10	4.63599e-16	1.65203e+06	14.1235	0.353575	39.9447	3.4139e+06	2.2676e+06	1.50551	2.2173e+09	1.11449e+09	1.98952	Pass
920	4.69769e-07	1.35941e-11	34556.8	44.9298	1.89749	23.6785	1.0198e+07	1.23394e+07	0.826457	9.83511e+09	1.53405e+10	0.641122	Pass
2199	4.39179e-10	1.82112e-12	241.158	144.413	7.88956	18.3043	3.77201e+07	3.23146e+07	1.16728	1.44831e+11	1.13979e+11	1.27069	Pass
1261	2.29916e-11	4.00175e-11	0.574539	31.1676	2.30659	13.5124	5.67315e+06	4.29164e+06	1.32191	8.06063e+08	2.54422e+09	0.316821	Pass
1576	2.35238e-09	5.49098e-13	4284.08	85.8709	1.16822	73.5059	1.81966e+07	3.80848e+06	4.77791	1.98116e+10	2.12336e+09	9.33028	Pass
1302	1.03874e-07	4.31245e-13	240870	147.236	0.769975	191.222	740911	681723	1.08682	3.8473e+06	3.50493e+06	1.09768	Pass
2538	3.42843e-08	2.0471e-14	1.67477e+06	4.19277	0.17732	23.6452	780916	523188	1.49261	1.9362e+07	8.98837e+06	2.15412	Pass
1358	6.4271e-08	1.76079e-14	3.65012e+06	69.1581	2.86664	24.1252	1.64728e+07	1.54648e+07	1.06518	2.99646e+10	3.223e+10	0.929711	Pass
373	4.59804e-12	4.72955e-14	97.2194	533.159	0.886377	601.504	4.85712e+06	460312	10.5518	2.74245e+09	7.93886e+06	345.447	Pass
744	4.27629e-12	5.75389e-14	74.32	7.08072	0.188378	37.5878	1.43778e+06	1.14973e+06	1.25054	8.9806e+07	5.41287e+07	1.65912	Pass
1577	3.75324e-09	8.87454e-13	4229.22	92.1431	0.988839	93.1831	1.85091e+07	2.72526e+06	6.79168	2.21409e+10	8.12829e+08	27.2393	Pass
2821	1.11026e-09	1.65111e-12	672.434	16.5095	0.236463	69.8186	4.07881e+06	1.6346e+06	2.4953	9.47175e+08	1.60399e+08	5.90511	Pass
350	7.34248e-20	3.50406e-16	0.000209542	12.8156	0.341876	37.4862	3.21767e+06	1.91675e+06	1.67871	1.24295e+09	5.26205e+08	2.3621	Pass
446	8.19668e-09	1.82435e-08	0.449292	12.2881	0.407588	30.1482	3.0248e+06	3.20664e+06	0.943293	5.83184e+08	7.92804e+08	0.735597	Pass
762	2.35359e-11	5.2224e-12	4.50671	17.2663	2.48706	6.94245	2.97857e+06	7.50005e+06	0.397141	3.85349e+08	2.55188e+09	0.151006	Pass
1384	4.99641e-10	1.01774e-11	49.0934	187.632	7.43861	25.224	4.43892e+07	8.13145e+06	5.45895	6.49686e+10	2.86048e+09	22.7125	Pass
1436	1.00669e-12	4.79131e-12	0.210107	9.78605	0.226188	43.2651	2.32178e+06	1.67086e+06	1.38957	2.60651e+08	1.51508e+08	1.72037	Pass
809	1.36967e-10	2.32897e-16	588100	27.9287	0.575095	48.5637	6.74544e+06	2.75698e+06	2.44667	1.23071e+09	3.01069e+08	4.0878	Pass
1413	2.22599e-07	6.6962e-15	3.32426e+07	95.1842	0.611198	155.734	1.55683e+07	1.94709e+06	7.9957	1.15972e+10	2.75129e+08	42.1517	Pass
448	4.63408e-08	1.04868e-13	441897	18.2802	0.527705	34.641	4.63705e+06	2.85898e+06	1.62193	1.44298e+09	5.4941e+08	2.62642	Pass
283	5.42025e-09	5.82915e-14	92985.2	23.9793	0.760373	31.5362	5.11682e+06	3.63735e+06	1.40675	3.15697e+09	1.95079e+09	1.6183	Pass
590	1.12207e-07	9.76471e-12	11491	74.2355	4.71713	15.7374	1.64314e+07	2.66327e+07	0.616965	8.02904e+09	3.2645e+10	0.24595	Pass
379	7.47209	1.24006e-15	6.02559e+15	77.5731	0.721095	107.577	1.86664e+07	4.30109e+06	4.33991	2.42819e+10	2.19409e+09	11.0669	Fail
1292	5.04684e-11	1.47538e-14	3420.7	1289.47	1.31089	983.657	5.37307e+07	692704	77.5666	6.1186e+10	3.28117e+06	18647.6	Pass
1304	1.17804e-05	2.44671e-11	481481	40.3074	1.75366	22.9847	9.7128e+06	9.59834e+06	1.01192	4.55561e+09	8.90432e+09	0.511618	Fail
927	7.46093e-09	4.79414e-16	1.55626e+07	64.4232	1.45725	44.2086	1.57643e+07	8.35171e+06	1.88755	1.30162e+10	6.28399e+09	2.07132	Pass
1291	1.17457e-10	2.08765e-14	5626.29	1575.82	1.4433	1091.82	6.14767e+07	721414	85.2169	7.17796e+10	3.63088e+06	19769.2	Pass
1578	6.50374e-09	2.98854e-13	21762.3	84.2872	0.676421	124.608	1.59996e+07	1.99571e+06	8.01699	1.54674e+10	4.16795e+08	37.1105	Pass
1572	6.05805e-09	7.4065e-14	81793.7	243.847	0.395355	616.78	4.71608e+07	761455	61.9351	8.51647e+10	6.80444e+07	1251.61	Pass
541	2.04789e-11	2.23435e-16	91654.8	9.94423	0.426939	23.2919	1.89721e+06	982513	1.93098	5.05062e+07	1.22043e+07	4.13841	Pass
842	0.503165	1.00708e-15	4.99628e+14	14.0151	0.250511	55.946	3.30267e+06	1.53699e+06	2.14879	6.05693e+08	1.61419e+08	3.7523	Fail
983	1.33049e-11	7.89785e-14	168.462	195.891	11.2853	17.3581	4.99892e+07	3.83907e+07	1.30212	6.14385e+10	5.6138e+10	1.09442	Pass
1574	5.70683e-09	8.12163e-13	7026.71	94.3444	0.71622	131.725	1.82282e+07	1.55731e+06	11.7049	1.09414e+10	2.1309e+08	51.3466	Pass
1869	3.68695e-10	1.1575e-15	318526	169.594	0.609484	278.259	4.97309e+07	1.3954e+06	35.6391	4.98541e+10	1.69276e+08	294.515	Pass
746	3.08347e-12	6.06901e-14	50.8068	9.42332	0.244999	38.4627	1.75584e+06	1.4532e+06	1.20826	1.07438e+08	6.97646e+07	1.54001	Pass
556	7.83827e-06	1.51697e-11	516707	68.2319	2.46171	27.7173	1.4967e+07	1.32165e+07	1.13245	1.0447e+10	1.25779e+10	0.830582	Pass
970	1.1254	1.13697e-13	9.89825e+12	20.6176	0.389957	52.8715	4.95719e+06	2.89126e+06	1.71454	1.12111e+09	4.56941e+08	2.45352	Fail
445	1.73784e-09	3.54149e-10	4.90708	23.4729	0.455378	51.5459	5.95489e+06	3.06918e+06	1.94022	1.9852e+09	4.17116e+08	4.75935	Pass
1573	3.48705e-06	5.39523e-12	646320	87.826	1.68544	52.1088	1.97883e+07	5.06637e+06	3.90582	1.65002e+10	1.23994e+09	13.3072	Pass
766	1.12212e-16	2.08086e-16	0.539258	2.66797	0.121969	21.8742	463477	444254	1.04327	1.11206e+07	1.01798e+07	1.09242	Pass
771	1.18663e-16	2.34566e-16	0.505884	2.62467	0.108629	24.1618	463483	444256	1.04328	1.11208e+07	1.01799e+07	1.09243	Pass
772	1.03279e-16	2.06351e-16	0.500503	2.58958	0.138339	18.7191	463483	444256	1.04328	1.11208e+07	1.01799e+07	1.09243	Pass
773	1.77146e-14	2.06352e-16	85.8465	2.65411	0.083853	31.6519	470984	445214	1.05788	1.14504e+07	1.0223e+07	1.12006	Pass
592	5.54163e-07	9.64954e-12	57428.9	88.6197	7.99023	11.091	1.93133e+07	4.11483e+07	0.469359	9.56808e+09	7.409e+10	0.129141	Pass
1389	8.09861e-11	2.36811e-12	34.1987	74.3679	0.79387	93.6777	1.52502e+07	2.30388e+06	6.61936	2.18941e+10	7.71875e+08	28.3649	Pass
774	9.84414e-15	1.96244e-16	50.1628	2.78598	0.084795	32.8554	470384	445436	1.05601	1.14195e+07	1.02594e+07	1.11307	Pass
1220	2.7338e-08	1.90413e-11	1435.72	179.393	6.17972	29.0293	4.68894e+07	1.74585e+07	2.68577	1.0086e+11	2.68608e+10	3.75493	Pass
1575	2.27174e-07	9.52999e-14	2.38378e+06	612.552	0.522453	1172.45	1.03831e+08	713938	145.435	2.37087e+11	2.8104e+07	8436.05	Pass
775	1.05272e-14	1.76766e-16	59.5545	2.61153	0.074898	34.8679	498054	453260	1.09883	1.27825e+07	1.06276e+07	1.20276	Pass
2567	0.0120349	0.0607251	0.198186	7.78007	0.267239	29.1128	1.61175e+06	962042	1.67535	2.94911e+07	1.11957e+07	2.63415	Pass
879	2.17454e-09	6.93844e-10	3.13406	122.026	85.1741	1.43267	2.99308e+07	1.4905e+08	0.200811	1.90959e+10	2.24499e+11	0.0850601	Pass
1405	1.9427e-12	1.877e-16	10350	6.38988	0.478328	13.3588	1.08363e+06	472558	2.29312	5.36619e+07	1.08206e+07	4.95925	Pass
1306	9.84129e-07	3.9214e-11	25096.4	200.718	22.3041	8.99914	5.87456e+07	8.81327e+07	0.666559	8.25462e+10	2.61967e+11	0.315102	Pass
1237	1.15241e-10	3.38624e-11	3.40321	152.018	3.29036	46.201	3.88182e+07	1.61012e+07	2.41088	4.31006e+10	1.81142e+10	2.37938	Pass
1851	2.56445e-09	5.86161e-16	4.375e+06	46.9228	1.29804	36.1491	1.13761e+07	8.0102e+06	1.4202	5.1046e+09	3.41755e+09	1.49364	Pass
2335	1.06509e-06	3.38178e-13	3.14949e+06	18.5358	0.358416	51.7159	4.77639e+06	2.87273e+06	1.66267	1.58225e+09	6.53003e+08	2.42304	Pass
1224	1.1139e-08	5.45966e-13	20402.4	190.704	1.50926	126.356	4.08381e+07	5.54101e+06	7.37015	7.10044e+10	3.23364e+09	21.958	Pass
1300	2.77125e-07	1.21161e-11	22872.4	59.3755	2.36323	25.1247	1.52904e+07	1.51134e+07	1.01171	5.08308e+09	5.63793e+09	0.901587	Pass
2811	0.000246454	1.51671e-11	1.62493e+07	94.7531	3.25306	29.1274	2.54414e+07	1.78366e+07	1.42636	1.88667e+10	1.40496e+10	1.34287	Fail
954	2.27144e-08	1.72369e-13	131778	25.8211	0.350763	73.6141	4.64238e+06	2.35105e+06	1.9746	9.28387e+08	3.20525e+08	2.89646	Pass
1316	1.8449e-08	3.30422e-12	5583.45	112.27	0.560348	200.358	1.93496e+07	1.84995e+06	10.4595	1.20156e+10	1.72365e+08	69.7105	Pass
776	9.61242e-15	2.48883e-16	38.6223	2.8928	0.099477	29.0801	560132	508498	1.10154	1.6262e+07	1.34173e+07	1.21202	Pass
435	7.62518e-11	3.64449e-12	20.9225	23.7253	0.421528	56.2841	6.20722e+06	2.55354e+06	2.43082	2.73056e+09	4.19446e+08	6.50993	Pass
885	2.85869e-09	5.9842e-10	4.77706	116.632	116.827	0.998327	3.0553e+07	1.82996e+08	0.16696	1.63319e+10	3.43295e+11	0.047574	Pass
290	2.57824e-09	2.17088e-15	1.18765e+06	47.9341	1.53347	31.2587	1.1957e+07	4.401e+06	2.71689	3.1239e+09	5.62552e+08	5.55309	Pass
2536	1.39485e-08	6.9804e-13	19982.3	4.97458	0.277458	17.9291	968584	733685	1.32016	1.50559e+07	9.60766e+06	1.56707	Pass
777	2.49658e-14	2.518e-16	99.1494	3.54105	0.091908	38.5282	582912	543852	1.07182	1.74656e+07	1.53515e+07	1.13771	Pass
558	1.85595e-06	8.43282e-12	220087	89.4104	3.95543	22.6045	1.91155e+07	2.16815e+07	0.881649	1.51602e+10	3.00528e+10	0.504451	Pass
1222	7.1282e-09	1.24816e-12	5710.97	229.328	2.20498	104.005	5.15213e+07	7.22916e+06	7.12688	1.17513e+11	6.30956e+09	18.6246	Pass
291	6.87047e-06	6.0367e-15	1.13812e+09	57.732	1.27812	45.1695	1.4682e+07	8.31791e+06	1.7651	6.14097e+09	2.67591e+09	2.29491	Pass
1345	3.5174e-12	3.12328e-13	11.2619	1921.91	5.96651	322.116	1.08322e+08	729577	148.472	2.43612e+11	3.08784e+06	78894	Pass
894	2.27728e-13	1.11022e-16	2051.19	4.35176	0.29557	14.7233	543264	492564	1.10293	902471	724881	1.24499	Pass
778	5.66482e-14	1.02052e-15	55.5092	3.54001	0.115506	30.6478	614176	556910	1.10283	1.94687e+07	1.60982e+07	1.20937	Pass
1381	2.33996e-14	3.18396e-16	73.4922	5.55811	0.335622	16.5606	479850	343868	1.39545	5.53885e+06	2.26116e+06	2.44956	Pass
1333	7.94232e-06	8.65693e-13	9.17452e+06	15.6857	0.757758	20.7002	2.59343e+06	2.31094e+06	1.12224	5.32635e+08	5.54553e+08	0.960476	Pass
951	6.67523e-09	3.44197e-13	19393.6	277.018	1.09069	253.983	5.54339e+07	3.10896e+06	17.8304	1.25799e+11	1.15177e+09	109.222	Pass
1305	2.11987e-06	9.17028e-11	23116.8	379.854	45.0318	8.43526	1.08943e+08	1.90507e+08	0.571857	2.20397e+11	7.75899e+11	0.284054	Pass
1210	1.6722e-10	1.89715e-15	88143.1	78.2481	3.92559	19.9328	1.97861e+07	2.35016e+07	0.841902	1.59296e+10	3.25284e+10	0.489714	Pass
542	4.86573e-11	1.5812e-15	30772.4	44.9885	0.469962	95.728	8.36423e+06	625230	13.3778	3.22808e+09	2.30214e+06	1402.21	Pass
1335	9.14288e-07	8.79229e-13	1.03987e+06	15.9931	0.720227	22.2057	3.02176e+06	2.44509e+06	1.23585	7.56513e+08	6.18899e+08	1.22235	Pass
952	1.22979e-08	4.65039e-14	264448	153.759	0.722085	212.938	2.16906e+07	1.09629e+06	19.7855	1.59769e+10	2.5575e+07	624.708	Pass
779	2.19428e-14	4.52795e-16	48.4608	3.82634	0.124807	30.658	653203	601328	1.08627	2.20758e+07	1.87805e+07	1.17546	Pass
236	3.40857e-11	3.121e-12	10.9214	37.7357	1.58594	23.7938	9.15075e+06	6.71065e+06	1.36362	1.74918e+10	1.02499e+10	1.70653	Pass
235	2.39504e-06	1.52382e-13	1.57174e+07	35.5232	1.81933	19.5255	9.38628e+06	7.45885e+06	1.25841	1.84997e+10	1.24148e+10	1.49013	Pass
1263	5.28309e-09	3.67563e-11	143.733	47.5627	5.53025	8.60046	1.06092e+07	2.12088e+07	0.500226	1.92979e+09	6.23287e+09	0.309615	Pass
1221	6.34972e-09	2.48483e-11	255.54	337.889	3.10679	108.758	7.83712e+07	6.75846e+06	11.596	2.68132e+11	5.09559e+09	52.6205	Pass
899	3.20885e-10	3.4567e-10	0.9283	31.6023	0.706515	44.7299	7.78485e+06	3.76938e+06	2.06529	1.96395e+09	5.18608e+08	3.78697	Pass
1445	4.91759e-13	6.15313e-16	799.202	42.0295	0.721912	58.2197	1.05046e+07	3.38645e+06	3.10196	1.87367e+09	2.83116e+08	6.61802	Pass
1372	8.1209e-09	4.39294e-15	1.84863e+06	128.105	0.800098	160.112	1.16082e+07	1.52957e+06	7.58918	1.63319e+09	3.49192e+07	46.7704	Pass
1246	3.61311e-07	8.75236e-10	412.815	57.3079	1.46603	39.0907	1.46928e+07	1.00512e+07	1.46179	3.96187e+09	2.51762e+09	1.57366	Pass
949	2.01936e-08	3.09763e-11	651.905	429.883	73.7167	5.83156	9.36327e+07	6.95619e+07	1.34603	3.09617e+11	1.47751e+11	2.09553	Pass
2822	1.943e-09	6.12663e-12	317.14	33.3794	0.895311	37.2824	8.06836e+06	3.8017e+06	2.1223	2.03705e+09	5.17461e+08	3.93663	Pass
560	7.60559e-06	2.74537e-11	277034	92.4084	3.80897	24.2607	2.3316e+07	2.23233e+07	1.04447	2.00505e+10	2.57354e+10	0.779101	Pass
1225	6.31745e-06	5.86343e-13	1.07743e+07	380.474	9.06589	41.9677	9.16849e+07	1.74688e+07	5.2485	2.81092e+11	3.0271e+10	9.28585	Pass
921	1.23546e-07	1.46781e-12	84170	123.975	5.50067	22.5382	2.99375e+07	2.84599e+07	1.05192	5.33777e+10	5.77693e+10	0.92398	Pass
1307	1.78528e-06	1.15815e-10	15415	524.432	90.3559	5.80407	1.55662e+08	3.03236e+08	0.513336	3.94134e+11	1.52194e+12	0.258969	Pass
1416	6.98492e-10	2.33731e-15	298844	160.677	2.45631	65.414	3.97519e+07	4.27184e+06	9.30558	3.15371e+10	2.18747e+09	14.4172	Pass
780	4.97289e-14	8.98681e-15	5.53354	3.67764	0.114823	32.0287	710585	646476	1.09917	2.61021e+07	2.17069e+07	1.20248	Pass
55	6.28914e-13	4.42482e-14	14.2133	20.4563	6.90729	2.96155	1.50701e+06	3.94952e+06	0.381568	1.16287e+08	8.90137e+08	0.13064	Pass
2657	9.91227e-09	1.23916e-13	79991.6	11.9728	0.644961	18.5637	2.6057e+06	1.5047e+06	1.73171	1.52832e+08	5.62182e+07	2.71855	Pass
753	3.33433e-11	6.84054e-12	4.87437	72.0555	2.83244	25.4393	1.17492e+07	5.06406e+06	2.32011	1.6537e+09	1.40581e+09	1.17633	Pass
956	2.28575e+08	1.30951e-13	1.7455e+21	154.34	7.24804	21.294	2.76387e+07	2.99971e+07	0.921381	2.90252e+10	5.17998e+10	0.560334	Fail
1369	1.34803e-07	2.82327e-12	47747.3	2856.19	49.7956	57.3583	4.69916e+08	2.4383e+07	19.2723	3.55662e+12	3.60233e+10	98.7309	Pass
1374	1.39486e-08	1.70743e-12	8169.31	2945.01	51.4639	57.2248	4.93925e+08	2.48221e+07	19.8986	4.03498e+12	3.72569e+10	108.301	Pass
2221	1.18583e-07	3.64734e-13	325122	111.682	2.7951	39.9563	2.45486e+07	1.28103e+07	1.91632	6.85105e+10	1.27628e+10	5.36798	Pass
2233	1.57807e-11	2.00705e-14	786.263	9.19325	0.233426	39.384	1.2868e+06	707907	1.81776	4.95634e+07	1.39621e+07	3.54986	Pass
51	6.25594e-13	1.89594e-13	3.29965	17.0254	4.57797	3.719	1.16041e+06	6.81178e+06	0.170353	4.74607e+07	2.53547e+09	0.0187187	Pass
1226	8.37874e-09	1.92657e-12	4349.05	241.073	2.71725	88.7196	6.35934e+07	9.69237e+06	6.56119	1.21191e+11	9.45521e+09	12.8174	Pass
781	3.14643e-13	1.4612e-14	21.5333	4.19029	0.133665	31.3492	765515	686724	1.11473	3.04062e+07	2.45167e+07	1.24022	Pass
