==6838== Memcheck, a memory error detector
==6838== Copyright (C) 2002-2015, and GNU GPL'd, by Julian Seward et al.
==6838== Using Valgrind-3.11.0 and LibVEX; rerun with -h for copyright info
==6838== Command: ./testazny
==6838== Parent PID: 6837
==6838== 
--6838-- 
--6838-- Valgrind options:
--6838--    --tool=memcheck
--6838--    --leak-check=full
--6838--    --show-reachable=yes
--6838--    -v
--6838--    --num-callers=20
--6838--    --track-fds=yes
--6838--    --log-file=log-file.log
--6838-- Contents of /proc/version:
--6838--   Linux version 3.10.0-514.21.1.el7.x86_64 (builder@kbuilder.dev.centos.org) (gcc version 4.8.5 20150623 (Red Hat 4.8.5-11) (GCC) ) #1 SMP Thu May 25 17:04:51 UTC 2017
--6838-- 
--6838-- Arch and hwcaps: AMD64, LittleEndian, amd64-cx16-lzcnt-rdtscp-sse3-avx-avx2-bmi
--6838-- Page sizes: currently 4096, max supported 4096
--6838-- Valgrind library directory: /usr/lib64/valgrind
--6838-- Reading syms from /users/aznaveh/SuiteSparse/ParU/Demo/testazny
--6838-- Reading syms from /usr/lib64/ld-2.17.so
--6838-- Reading syms from /usr/lib64/valgrind/memcheck-amd64-linux
--6838--    object doesn't have a symbol table
--6838--    object doesn't have a dynamic symbol table
--6838-- Scheduler: using generic scheduler lock implementation.
--6838-- Reading suppressions file: /usr/lib64/valgrind/default.supp
==6838== embedded gdbserver: reading from /tmp/vgdb-pipe-from-vgdb-to-6838-by-aznaveh-on-multifrontal.cs.tamu.edu
==6838== embedded gdbserver: writing to   /tmp/vgdb-pipe-to-vgdb-from-6838-by-aznaveh-on-multifrontal.cs.tamu.edu
==6838== embedded gdbserver: shared mem   /tmp/vgdb-pipe-shared-mem-vgdb-6838-by-aznaveh-on-multifrontal.cs.tamu.edu
==6838== 
==6838== TO CONTROL THIS PROCESS USING vgdb (which you probably
==6838== don't want to do, unless you know exactly what you're doing,
==6838== or are doing some strange experiment):
==6838==   /usr/lib64/valgrind/../../bin/vgdb --pid=6838 ...command...
==6838== 
==6838== TO DEBUG THIS PROCESS USING GDB: start GDB like this
==6838==   /path/to/gdb ./testazny
==6838== and then give GDB the following command
==6838==   target remote | /usr/lib64/valgrind/../../bin/vgdb --pid=6838
==6838== --pid is optional if only one valgrind process is running
==6838== 
--6838-- REDIR: 0x4019200 (ld-linux-x86-64.so.2:strlen) redirected to 0x38056d91 (???)
--6838-- REDIR: 0x4018fd0 (ld-linux-x86-64.so.2:index) redirected to 0x38056dab (???)
--6838-- Reading syms from /usr/lib64/valgrind/vgpreload_core-amd64-linux.so
--6838-- Reading syms from /usr/lib64/valgrind/vgpreload_memcheck-amd64-linux.so
==6838== WARNING: new redirection conflicts with existing -- ignoring it
--6838--     old: 0x04019200 (strlen              ) R-> (0000.0) 0x38056d91 ???
--6838--     new: 0x04019200 (strlen              ) R-> (2007.0) 0x04c2ba90 strlen
--6838-- REDIR: 0x4019180 (ld-linux-x86-64.so.2:strcmp) redirected to 0x4c2cbe0 (strcmp)
--6838-- REDIR: 0x4019d70 (ld-linux-x86-64.so.2:mempcpy) redirected to 0x4c2fc20 (mempcpy)
--6838-- Reading syms from /users/aznaveh/SuiteSparse/lib/libparu.so.0.0.1
--6838-- Reading syms from /users/aznaveh/SuiteSparse/lib/libspqr.so.2.0.8
--6838-- Reading syms from /users/aznaveh/SuiteSparse/lib/libsuitesparseconfig.so.4.5.5
--6838-- Reading syms from /users/aznaveh/SuiteSparse/lib/libcholmod.so.3.0.11
--6838-- Reading syms from /users/aznaveh/SuiteSparse/lib/libamd.so.2.4.6
--6838-- Reading syms from /users/aznaveh/SuiteSparse/lib/libcolamd.so.2.9.6
--6838-- Reading syms from /users/aznaveh/SuiteSparse/lib/libccolamd.so.2.9.6
--6838-- Reading syms from /users/aznaveh/SuiteSparse/lib/libcamd.so.2.4.6
--6838-- Reading syms from /users/aznaveh/SuiteSparse/lib/libmetis.so
--6838-- Reading syms from /usr/lib64/librt-2.17.so
--6838-- Reading syms from /usr/lib64/liblapack.so.3.4.2
--6838--    object doesn't have a symbol table
--6838-- Reading syms from /usr/lib64/libopenblas-r0.2.19.so
--6838--    object doesn't have a symbol table
--6838-- Reading syms from /usr/local/gnu/gcc-5.4.0/lib64/libstdc++.so.6.0.21
--6838-- Reading syms from /usr/lib64/libm-2.17.so
--6838-- Reading syms from /usr/local/gnu/gcc-5.4.0/lib64/libgomp.so.1.0.0
--6838-- Reading syms from /usr/local/gnu/gcc-5.4.0/lib64/libgcc_s.so.1
--6838-- Reading syms from /usr/lib64/libpthread-2.17.so
--6838-- Reading syms from /usr/lib64/libc-2.17.so
--6838-- Reading syms from /usr/lib64/libmetis.so.0
--6838--    object doesn't have a symbol table
--6838-- Reading syms from /usr/lib64/libblas.so.3.4.2
--6838--    object doesn't have a symbol table
--6838-- Reading syms from /usr/local/gnu/gcc-5.4.0/lib64/libgfortran.so.3.0.0
--6838-- Reading syms from /usr/lib64/libdl-2.17.so
--6838-- Reading syms from /usr/local/gnu/gcc-5.4.0/lib64/libquadmath.so.0.0.0
--6838-- REDIR: 0x9d0dec0 (libc.so.6:strcasecmp) redirected to 0x4a237b0 (_vgnU_ifunc_wrapper)
--6838-- REDIR: 0x9d0ac40 (libc.so.6:strnlen) redirected to 0x4a237b0 (_vgnU_ifunc_wrapper)
--6838-- REDIR: 0x9d10190 (libc.so.6:strncasecmp) redirected to 0x4a237b0 (_vgnU_ifunc_wrapper)
--6838-- REDIR: 0x9d0d6a0 (libc.so.6:memset) redirected to 0x4a237b0 (_vgnU_ifunc_wrapper)
--6838-- REDIR: 0x9d0d650 (libc.so.6:memcpy@GLIBC_2.2.5) redirected to 0x4a237b0 (_vgnU_ifunc_wrapper)
--6838-- REDIR: 0x9d0c5b0 (libc.so.6:strncpy) redirected to 0x4a237b0 (_vgnU_ifunc_wrapper)
--6838-- REDIR: 0x9d0ad20 (libc.so.6:strncmp) redirected to 0x4a237b0 (_vgnU_ifunc_wrapper)
--6838-- REDIR: 0x9d0a550 (libc.so.6:strcpy) redirected to 0x4a237b0 (_vgnU_ifunc_wrapper)
--6838-- REDIR: 0x9d0ab10 (libc.so.6:strlen) redirected to 0x4a237b0 (_vgnU_ifunc_wrapper)
--6838-- REDIR: 0x9d09000 (libc.so.6:index) redirected to 0x4a237b0 (_vgnU_ifunc_wrapper)
--6838-- REDIR: 0x9d0c5f0 (libc.so.6:rindex) redirected to 0x4a237b0 (_vgnU_ifunc_wrapper)
--6838-- REDIR: 0x9d090c0 (libc.so.6:strcmp) redirected to 0x4a237b0 (_vgnU_ifunc_wrapper)
--6838-- REDIR: 0x9d23b00 (libc.so.6:strstr) redirected to 0x4a237b0 (_vgnU_ifunc_wrapper)
--6838-- REDIR: 0x9d0ab60 (libc.so.6:__GI_strlen) redirected to 0x4c2b9f0 (__GI_strlen)
--6838-- REDIR: 0x9d0c630 (libc.so.6:__GI_strrchr) redirected to 0x4c2b450 (__GI_strrchr)
--6838-- REDIR: 0x9d04960 (libc.so.6:calloc) redirected to 0x4c2a8df (calloc)
--6838-- REDIR: 0x9d03f70 (libc.so.6:malloc) redirected to 0x4c28b5c (malloc)
--6838-- REDIR: 0x9d128d0 (libc.so.6:__GI_memcpy) redirected to 0x4c2d580 (__GI_memcpy)
--6838-- REDIR: 0x9d0d4c0 (libc.so.6:__GI_memmove) redirected to 0x4c2f190 (__GI_memmove)
--6838-- REDIR: 0x9d04370 (libc.so.6:free) redirected to 0x4c29c56 (free)
--6838-- REDIR: 0x9d0d700 (libc.so.6:__GI_memset) redirected to 0x4c2ee80 (memset)
--6838-- REDIR: 0x9d18930 (libc.so.6:__strncpy_sse2_unaligned) redirected to 0x4c2c060 (__strncpy_sse2_unaligned)
--6838-- REDIR: 0x9d14150 (libc.so.6:strchrnul) redirected to 0x4c2f740 (strchrnul)
--6838-- REDIR: 0x9d0cd30 (libc.so.6:memchr) redirected to 0x4c2cc80 (memchr)
--6838-- REDIR: 0x9db8350 (libc.so.6:__strncmp_sse42) redirected to 0x4c2c300 (__strncmp_sse42)
--6838-- REDIR: 0x9d13f40 (libc.so.6:__GI___rawmemchr) redirected to 0x4c2f7a0 (__GI___rawmemchr)
--6838-- REDIR: 0x9d0d870 (libc.so.6:__GI_mempcpy) redirected to 0x4c2f950 (__GI_mempcpy)
==6838== 
==6838== FILE DESCRIPTORS: 5 open at exit.
==6838== Open file descriptor 14: /dev/urandom
==6838==    <inherited from parent>
==6838== 
==6838== Open file descriptor 3: /users/aznaveh/SuiteSparse/ParU/Demo/log-file.log
==6838==    <inherited from parent>
==6838== 
==6838== Open file descriptor 2: /dev/pts/3
==6838==    <inherited from parent>
==6838== 
==6838== Open file descriptor 1: /dev/pts/4
==6838==    <inherited from parent>
==6838== 
==6838== Open file descriptor 0: /users/aznaveh/SuiteSparse/ParU/Matrix/GD98_a.mtx
==6838==    <inherited from parent>
==6838== 
==6838== 
==6838== HEAP SUMMARY:
==6838==     in use at exit: 76,680 bytes in 10 blocks
==6838==   total heap usage: 117 allocs, 107 frees, 156,672 bytes allocated
==6838== 
==6838== Searching for pointers to 10 not-freed blocks
==6838== Checked 1,559,632 bytes
==6838== 
==6838== 8 bytes in 1 blocks are still reachable in loss record 1 of 10
==6838==    at 0x4C28BE3: malloc (vg_replace_malloc.c:299)
==6838==    by 0x9637728: gomp_malloc (alloc.c:37)
==6838==    by 0x9640127: gomp_init_num_threads (proc.c:91)
==6838==    by 0x9635DF1: initialize_env (env.c:1203)
==6838==    by 0x400F552: _dl_init (in /usr/lib64/ld-2.17.so)
==6838==    by 0x40011A9: ??? (in /usr/lib64/ld-2.17.so)
==6838== 
==6838== 8 bytes in 1 blocks are still reachable in loss record 2 of 10
==6838==    at 0x4C28BE3: malloc (vg_replace_malloc.c:299)
==6838==    by 0x5274DD8: SuiteSparse_malloc (SuiteSparse_config.c:192)
==6838==    by 0x5564D82: cholmod_l_malloc (cholmod_memory.c:141)
==6838==    by 0x555C27A: cholmod_l_allocate_work (cholmod_common.c:535)
==6838==    by 0x5581DA3: read_triplet (cholmod_read.c:566)
==6838==    by 0x5583445: cholmod_l_read_matrix (cholmod_read.c:1287)
==6838==    by 0x40104C: main (testazny.cpp:89)
==6838== 
==6838== 88 bytes in 1 blocks are still reachable in loss record 3 of 10
==6838==    at 0x4C28BE3: malloc (vg_replace_malloc.c:299)
==6838==    by 0x5274DD8: SuiteSparse_malloc (SuiteSparse_config.c:192)
==6838==    by 0x5564D82: cholmod_l_malloc (cholmod_memory.c:141)
==6838==    by 0x5565FD2: cholmod_l_allocate_sparse (cholmod_sparse.c:98)
==6838==    by 0x5571485: cholmod_l_triplet_to_sparse (cholmod_triplet.c:516)
==6838==    by 0x5583477: cholmod_l_read_matrix (cholmod_read.c:1296)
==6838==    by 0x40104C: main (testazny.cpp:89)
==6838== 
==6838== 312 bytes in 1 blocks are still reachable in loss record 4 of 10
==6838==    at 0x4C28BE3: malloc (vg_replace_malloc.c:299)
==6838==    by 0x5274DD8: SuiteSparse_malloc (SuiteSparse_config.c:192)
==6838==    by 0x5564D82: cholmod_l_malloc (cholmod_memory.c:141)
==6838==    by 0x5566128: cholmod_l_allocate_sparse (cholmod_sparse.c:131)
==6838==    by 0x5571485: cholmod_l_triplet_to_sparse (cholmod_triplet.c:516)
==6838==    by 0x5583477: cholmod_l_read_matrix (cholmod_read.c:1296)
==6838==    by 0x40104C: main (testazny.cpp:89)
==6838== 
==6838== 312 bytes in 1 blocks are still reachable in loss record 5 of 10
==6838==    at 0x4C28BE3: malloc (vg_replace_malloc.c:299)
==6838==    by 0x5274DD8: SuiteSparse_malloc (SuiteSparse_config.c:192)
==6838==    by 0x5564D82: cholmod_l_malloc (cholmod_memory.c:141)
==6838==    by 0x555C067: cholmod_l_allocate_work (cholmod_common.c:462)
==6838==    by 0x504AFF9: spqr_analyze(cholmod_sparse_struct*, int, long*, int, int, cholmod_common_struct*) (spqr_analyze.cpp:154)
==6838==    by 0x4E35796: paru_sym_analyse(cholmod_sparse_struct*, cholmod_common_struct*) (paru_sym_analyse.cpp:40)
==6838==    by 0x40108A: main (testazny.cpp:96)
==6838== 
==6838== 320 bytes in 1 blocks are still reachable in loss record 6 of 10
==6838==    at 0x4C28BE3: malloc (vg_replace_malloc.c:299)
==6838==    by 0x5274DD8: SuiteSparse_malloc (SuiteSparse_config.c:192)
==6838==    by 0x5564D82: cholmod_l_malloc (cholmod_memory.c:141)
==6838==    by 0x555C087: cholmod_l_allocate_work (cholmod_common.c:463)
==6838==    by 0x504AFF9: spqr_analyze(cholmod_sparse_struct*, int, long*, int, int, cholmod_common_struct*) (spqr_analyze.cpp:154)
==6838==    by 0x4E35796: paru_sym_analyse(cholmod_sparse_struct*, cholmod_common_struct*) (paru_sym_analyse.cpp:40)
==6838==    by 0x40108A: main (testazny.cpp:96)
==6838== 
==6838== 400 bytes in 1 blocks are still reachable in loss record 7 of 10
==6838==    at 0x4C28BE3: malloc (vg_replace_malloc.c:299)
==6838==    by 0x5274DD8: SuiteSparse_malloc (SuiteSparse_config.c:192)
==6838==    by 0x5564D82: cholmod_l_malloc (cholmod_memory.c:141)
==6838==    by 0x55655DD: cholmod_l_realloc (cholmod_memory.c:342)
==6838==    by 0x5565A95: cholmod_l_realloc_multiple (cholmod_memory.c:441)
==6838==    by 0x55661A2: cholmod_l_allocate_sparse (cholmod_sparse.c:139)
==6838==    by 0x5571485: cholmod_l_triplet_to_sparse (cholmod_triplet.c:516)
==6838==    by 0x5583477: cholmod_l_read_matrix (cholmod_read.c:1296)
==6838==    by 0x40104C: main (testazny.cpp:89)
==6838== 
==6838== 400 bytes in 1 blocks are still reachable in loss record 8 of 10
==6838==    at 0x4C28BE3: malloc (vg_replace_malloc.c:299)
==6838==    by 0x5274DD8: SuiteSparse_malloc (SuiteSparse_config.c:192)
==6838==    by 0x5564D82: cholmod_l_malloc (cholmod_memory.c:141)
==6838==    by 0x55655DD: cholmod_l_realloc (cholmod_memory.c:342)
==6838==    by 0x5565B05: cholmod_l_realloc_multiple (cholmod_memory.c:451)
==6838==    by 0x55661A2: cholmod_l_allocate_sparse (cholmod_sparse.c:139)
==6838==    by 0x5571485: cholmod_l_triplet_to_sparse (cholmod_triplet.c:516)
==6838==    by 0x5583477: cholmod_l_read_matrix (cholmod_read.c:1296)
==6838==    by 0x40104C: main (testazny.cpp:89)
==6838== 
==6838== 2,128 bytes in 1 blocks are still reachable in loss record 9 of 10
==6838==    at 0x4C28BE3: malloc (vg_replace_malloc.c:299)
==6838==    by 0x5274DD8: SuiteSparse_malloc (SuiteSparse_config.c:192)
==6838==    by 0x5564D82: cholmod_l_malloc (cholmod_memory.c:141)
==6838==    by 0x555C1AF: cholmod_l_allocate_work (cholmod_common.c:502)
==6838==    by 0x5586170: cholmod_l_analyze_p2 (cholmod_analyze.c:513)
==6838==    by 0x504B48C: spqr_analyze(cholmod_sparse_struct*, int, long*, int, int, cholmod_common_struct*) (spqr_analyze.cpp:285)
==6838==    by 0x4E35796: paru_sym_analyse(cholmod_sparse_struct*, cholmod_common_struct*) (paru_sym_analyse.cpp:40)
==6838==    by 0x40108A: main (testazny.cpp:96)
==6838== 
==6838== 72,704 bytes in 1 blocks are still reachable in loss record 10 of 10
==6838==    at 0x4C28BE3: malloc (vg_replace_malloc.c:299)
==6838==    by 0x903B17F: pool (eh_alloc.cc:117)
==6838==    by 0x903B17F: __static_initialization_and_destruction_0 (eh_alloc.cc:244)
==6838==    by 0x903B17F: _GLOBAL__sub_I_eh_alloc.cc (eh_alloc.cc:307)
==6838==    by 0x400F552: _dl_init (in /usr/lib64/ld-2.17.so)
==6838==    by 0x40011A9: ??? (in /usr/lib64/ld-2.17.so)
==6838== 
==6838== LEAK SUMMARY:
==6838==    definitely lost: 0 bytes in 0 blocks
==6838==    indirectly lost: 0 bytes in 0 blocks
==6838==      possibly lost: 0 bytes in 0 blocks
==6838==    still reachable: 76,680 bytes in 10 blocks
==6838==         suppressed: 0 bytes in 0 blocks
==6838== 
==6838== ERROR SUMMARY: 0 errors from 0 contexts (suppressed: 0 from 0)
==6838== ERROR SUMMARY: 0 errors from 0 contexts (suppressed: 0 from 0)
