==29212== Memcheck, a memory error detector
==29212== Copyright (C) 2002-2015, and GNU GPL'd, by Julian Seward et al.
==29212== Using Valgrind-3.11.0 and LibVEX; rerun with -h for copyright info
==29212== Command: ./testazny
==29212== Parent PID: 29211
==29212== 
--29212-- 
--29212-- Valgrind options:
--29212--    --tool=memcheck
--29212--    --leak-check=full
--29212--    --show-reachable=yes
--29212--    -v
--29212--    --num-callers=20
--29212--    --track-fds=yes
--29212--    --log-file=valgrindlogfile.log
--29212-- Contents of /proc/version:
--29212--   Linux version 3.10.0-514.21.1.el7.x86_64 (builder@kbuilder.dev.centos.org) (gcc version 4.8.5 20150623 (Red Hat 4.8.5-11) (GCC) ) #1 SMP Thu May 25 17:04:51 UTC 2017
--29212-- 
--29212-- Arch and hwcaps: AMD64, LittleEndian, amd64-cx16-lzcnt-rdtscp-sse3-avx-avx2-bmi
--29212-- Page sizes: currently 4096, max supported 4096
--29212-- Valgrind library directory: /usr/lib64/valgrind
--29212-- Reading syms from /users/aznaveh/SuiteSparse/ParU/Demo/testazny
--29212-- Reading syms from /usr/lib64/ld-2.17.so
--29212-- Reading syms from /usr/lib64/valgrind/memcheck-amd64-linux
--29212--    object doesn't have a symbol table
--29212--    object doesn't have a dynamic symbol table
--29212-- Scheduler: using generic scheduler lock implementation.
--29212-- Reading suppressions file: /usr/lib64/valgrind/default.supp
==29212== embedded gdbserver: reading from /tmp/vgdb-pipe-from-vgdb-to-29212-by-aznaveh-on-multifrontal.cs.tamu.edu
==29212== embedded gdbserver: writing to   /tmp/vgdb-pipe-to-vgdb-from-29212-by-aznaveh-on-multifrontal.cs.tamu.edu
==29212== embedded gdbserver: shared mem   /tmp/vgdb-pipe-shared-mem-vgdb-29212-by-aznaveh-on-multifrontal.cs.tamu.edu
==29212== 
==29212== TO CONTROL THIS PROCESS USING vgdb (which you probably
==29212== don't want to do, unless you know exactly what you're doing,
==29212== or are doing some strange experiment):
==29212==   /usr/lib64/valgrind/../../bin/vgdb --pid=29212 ...command...
==29212== 
==29212== TO DEBUG THIS PROCESS USING GDB: start GDB like this
==29212==   /path/to/gdb ./testazny
==29212== and then give GDB the following command
==29212==   target remote | /usr/lib64/valgrind/../../bin/vgdb --pid=29212
==29212== --pid is optional if only one valgrind process is running
==29212== 
--29212-- REDIR: 0x4019200 (ld-linux-x86-64.so.2:strlen) redirected to 0x38056d91 (???)
--29212-- REDIR: 0x4018fd0 (ld-linux-x86-64.so.2:index) redirected to 0x38056dab (???)
--29212-- Reading syms from /usr/lib64/valgrind/vgpreload_core-amd64-linux.so
--29212-- Reading syms from /usr/lib64/valgrind/vgpreload_memcheck-amd64-linux.so
==29212== WARNING: new redirection conflicts with existing -- ignoring it
--29212--     old: 0x04019200 (strlen              ) R-> (0000.0) 0x38056d91 ???
--29212--     new: 0x04019200 (strlen              ) R-> (2007.0) 0x04c2ba90 strlen
--29212-- REDIR: 0x4019180 (ld-linux-x86-64.so.2:strcmp) redirected to 0x4c2cbe0 (strcmp)
--29212-- REDIR: 0x4019d70 (ld-linux-x86-64.so.2:mempcpy) redirected to 0x4c2fc20 (mempcpy)
--29212-- Reading syms from /users/aznaveh/SuiteSparse/lib/libparu.so.0.0.1
--29212-- Reading syms from /users/aznaveh/SuiteSparse/lib/libspqr.so.2.0.8
--29212-- Reading syms from /users/aznaveh/SuiteSparse/lib/libsuitesparseconfig.so.4.5.5
--29212-- Reading syms from /users/aznaveh/SuiteSparse/lib/libcholmod.so.3.0.11
--29212-- Reading syms from /users/aznaveh/SuiteSparse/lib/libamd.so.2.4.6
--29212-- Reading syms from /users/aznaveh/SuiteSparse/lib/libcolamd.so.2.9.6
--29212-- Reading syms from /users/aznaveh/SuiteSparse/lib/libccolamd.so.2.9.6
--29212-- Reading syms from /users/aznaveh/SuiteSparse/lib/libcamd.so.2.4.6
--29212-- Reading syms from /users/aznaveh/SuiteSparse/lib/libmetis.so
--29212-- Reading syms from /usr/lib64/librt-2.17.so
--29212-- Reading syms from /usr/lib64/liblapack.so.3.4.2
--29212--    object doesn't have a symbol table
--29212-- Reading syms from /usr/lib64/libopenblas-r0.2.19.so
--29212--    object doesn't have a symbol table
--29212-- Reading syms from /usr/local/gnu/gcc-5.4.0/lib64/libstdc++.so.6.0.21
--29212-- Reading syms from /usr/lib64/libm-2.17.so
--29212-- Reading syms from /usr/local/gnu/gcc-5.4.0/lib64/libgomp.so.1.0.0
--29212-- Reading syms from /usr/local/gnu/gcc-5.4.0/lib64/libgcc_s.so.1
--29212-- Reading syms from /usr/lib64/libpthread-2.17.so
--29212-- Reading syms from /usr/lib64/libc-2.17.so
--29212-- Reading syms from /usr/lib64/libblas.so.3.4.2
--29212--    object doesn't have a symbol table
--29212-- Reading syms from /usr/local/gnu/gcc-5.4.0/lib64/libgfortran.so.3.0.0
--29212-- Reading syms from /usr/lib64/libdl-2.17.so
--29212-- Reading syms from /usr/local/gnu/gcc-5.4.0/lib64/libquadmath.so.0.0.0
--29212-- REDIR: 0x9d22ec0 (libc.so.6:strcasecmp) redirected to 0x4a237b0 (_vgnU_ifunc_wrapper)
--29212-- REDIR: 0x9d1fc40 (libc.so.6:strnlen) redirected to 0x4a237b0 (_vgnU_ifunc_wrapper)
--29212-- REDIR: 0x9d25190 (libc.so.6:strncasecmp) redirected to 0x4a237b0 (_vgnU_ifunc_wrapper)
--29212-- REDIR: 0x9d226a0 (libc.so.6:memset) redirected to 0x4a237b0 (_vgnU_ifunc_wrapper)
--29212-- REDIR: 0x9d22650 (libc.so.6:memcpy@GLIBC_2.2.5) redirected to 0x4a237b0 (_vgnU_ifunc_wrapper)
--29212-- REDIR: 0x9d1fb60 (libc.so.6:__GI_strlen) redirected to 0x4c2b9f0 (__GI_strlen)
--29212-- REDIR: 0x9d21630 (libc.so.6:__GI_strrchr) redirected to 0x4c2b450 (__GI_strrchr)
--29212-- REDIR: 0x9d19960 (libc.so.6:calloc) redirected to 0x4c2a8df (calloc)
--29212-- REDIR: 0x9d18f70 (libc.so.6:malloc) redirected to 0x4c28b5c (malloc)
--29212-- REDIR: 0x9d278d0 (libc.so.6:__GI_memcpy) redirected to 0x4c2d580 (__GI_memcpy)
--29212-- REDIR: 0x9d224c0 (libc.so.6:__GI_memmove) redirected to 0x4c2f190 (__GI_memmove)
--29212-- REDIR: 0x9d19370 (libc.so.6:free) redirected to 0x4c29c56 (free)
--29212-- REDIR: 0x9d22700 (libc.so.6:__GI_memset) redirected to 0x4c2ee80 (memset)
--29212-- REDIR: 0x9d215b0 (libc.so.6:strncpy) redirected to 0x4a237b0 (_vgnU_ifunc_wrapper)
--29212-- REDIR: 0x9d2d930 (libc.so.6:__strncpy_sse2_unaligned) redirected to 0x4c2c060 (__strncpy_sse2_unaligned)
--29212-- REDIR: 0x9d29150 (libc.so.6:strchrnul) redirected to 0x4c2f740 (strchrnul)
--29212-- REDIR: 0x9d220c0 (libc.so.6:__GI_memcmp) redirected to 0x4c2e4d0 (__GI_memcmp)
--29212-- REDIR: 0x9d1e0c0 (libc.so.6:strcmp) redirected to 0x4a237b0 (_vgnU_ifunc_wrapper)
--29212-- REDIR: 0x9dcc5a0 (libc.so.6:__strcmp_sse42) redirected to 0x4c2cb90 (__strcmp_sse42)
--29212-- REDIR: 0x9d21d30 (libc.so.6:memchr) redirected to 0x4c2cc80 (memchr)
--29212-- REDIR: 0x9d1fd20 (libc.so.6:strncmp) redirected to 0x4a237b0 (_vgnU_ifunc_wrapper)
--29212-- REDIR: 0x9dcd350 (libc.so.6:__strncmp_sse42) redirected to 0x4c2c300 (__strncmp_sse42)
--29212-- REDIR: 0x9d28f40 (libc.so.6:__GI___rawmemchr) redirected to 0x4c2f7a0 (__GI___rawmemchr)
--29212-- REDIR: 0x9d38540 (libc.so.6:__GI_strstr) redirected to 0x4c2feb0 (__strstr_sse2)
--29212-- REDIR: 0x9d22870 (libc.so.6:__GI_mempcpy) redirected to 0x4c2f950 (__GI_mempcpy)
--29212-- REDIR: 0x9054020 (libstdc++.so.6:operator new(unsigned long)) redirected to 0x4c2917c (operator new(unsigned long))
--29212-- REDIR: 0x9d22080 (libc.so.6:bcmp) redirected to 0x4a237b0 (_vgnU_ifunc_wrapper)
--29212-- REDIR: 0x9df77c0 (libc.so.6:__memcmp_sse4_1) redirected to 0x4c2e610 (__memcmp_sse4_1)
==29212== Conditional jump or move depends on uninitialised value(s)
==29212==    at 0x4E3DDFF: paru_factorize(double*, long, long, int*, cholmod_common_struct*) (paru_factorize.cpp:102)
==29212==    by 0x4E3C6C5: paru_assemble(paru_matrix*, long, cholmod_common_struct*) (paru_assemble.cpp:275)
==29212==    by 0x4011B3: main (testazny.cpp:143)
==29212== 
--29212-- REDIR: 0x9052230 (libstdc++.so.6:operator delete(void*)) redirected to 0x4c2a106 (operator delete(void*))
==29212== 
==29212== FILE DESCRIPTORS: 4 open at exit.
==29212== Open file descriptor 3: /users/aznaveh/SuiteSparse/ParU/Demo/valgrindlogfile.log
==29212==    <inherited from parent>
==29212== 
==29212== Open file descriptor 2: /dev/pts/1
==29212==    <inherited from parent>
==29212== 
==29212== Open file descriptor 1: /dev/pts/1
==29212==    <inherited from parent>
==29212== 
==29212== Open file descriptor 0: /users/aznaveh/SuiteSparse/ParU/Matrix/lp_e226.mtx
==29212==    <inherited from parent>
==29212== 
==29212== 
==29212== HEAP SUMMARY:
==29212==     in use at exit: 72,712 bytes in 2 blocks
==29212==   total heap usage: 1,055 allocs, 1,053 frees, 1,237,556 bytes allocated
==29212== 
==29212== Searching for pointers to 2 not-freed blocks
==29212== Checked 1,520,904 bytes
==29212== 
==29212== 8 bytes in 1 blocks are still reachable in loss record 1 of 2
==29212==    at 0x4C28BE3: malloc (vg_replace_malloc.c:299)
==29212==    by 0x964C728: gomp_malloc (alloc.c:37)
==29212==    by 0x9655127: gomp_init_num_threads (proc.c:91)
==29212==    by 0x964ADF1: initialize_env (env.c:1203)
==29212==    by 0x400F552: _dl_init (in /usr/lib64/ld-2.17.so)
==29212==    by 0x40011A9: ??? (in /usr/lib64/ld-2.17.so)
==29212== 
==29212== 72,704 bytes in 1 blocks are still reachable in loss record 2 of 2
==29212==    at 0x4C28BE3: malloc (vg_replace_malloc.c:299)
==29212==    by 0x905017F: pool (eh_alloc.cc:117)
==29212==    by 0x905017F: __static_initialization_and_destruction_0 (eh_alloc.cc:244)
==29212==    by 0x905017F: _GLOBAL__sub_I_eh_alloc.cc (eh_alloc.cc:307)
==29212==    by 0x400F552: _dl_init (in /usr/lib64/ld-2.17.so)
==29212==    by 0x40011A9: ??? (in /usr/lib64/ld-2.17.so)
==29212== 
==29212== LEAK SUMMARY:
==29212==    definitely lost: 0 bytes in 0 blocks
==29212==    indirectly lost: 0 bytes in 0 blocks
==29212==      possibly lost: 0 bytes in 0 blocks
==29212==    still reachable: 72,712 bytes in 2 blocks
==29212==         suppressed: 0 bytes in 0 blocks
==29212== 
==29212== Use --track-origins=yes to see where uninitialised values come from
==29212== ERROR SUMMARY: 1 errors from 1 contexts (suppressed: 0 from 0)
==29212== 
==29212== 1 errors in context 1 of 1:
==29212== Conditional jump or move depends on uninitialised value(s)
==29212==    at 0x4E3DDFF: paru_factorize(double*, long, long, int*, cholmod_common_struct*) (paru_factorize.cpp:102)
==29212==    by 0x4E3C6C5: paru_assemble(paru_matrix*, long, cholmod_common_struct*) (paru_assemble.cpp:275)
==29212==    by 0x4011B3: main (testazny.cpp:143)
==29212== 
==29212== ERROR SUMMARY: 1 errors from 1 contexts (suppressed: 0 from 0)
